TempGNTK_repo already present at /nas/home/jahin/TCBG_fair_eval/TempGNTK_repo

============================================================
RUNNING: TempGNTK Fair Eval
============================================================

>>> /usr/bin/python3 /nas/home/jahin/TCBG_fair_eval/run_tempgntk_fair.py --device cuda

TempGNTK Fair Eval | device=cuda
Protocol: StratifiedKFold(5) x 10 seeds


============================================================
DATASET: infectious_ct1
============================================================
  200 graphs, 2 classes
  Computing Gram matrix (200 graphs)...
  Shape: (200, 200, 5)  [0.9 min]
/nas/home/jahin/.local/lib/python3.10/site-packages/requests/__init__.py:113: RequestsDependencyWarning: urllib3 (1.26.5) or chardet (7.2.0)/charset_normalizer (3.4.4) doesn't match a supported version!
  warnings.warn(
/nas/home/jahin/.local/lib/python3.10/site-packages/requests/__init__.py:113: RequestsDependencyWarning: urllib3 (1.26.5) or chardet (7.2.0)/charset_normalizer (3.4.4) doesn't match a supported version!
  warnings.warn(
/nas/home/jahin/.local/lib/python3.10/site-packages/requests/__init__.py:113: RequestsDependencyWarning: urllib3 (1.26.5) or chardet (7.2.0)/charset_normalizer (3.4.4) doesn't match a supported version!
  warnings.warn(
/nas/home/jahin/.local/lib/python3.10/site-packages/requests/__init__.py:113: RequestsDependencyWarning: urllib3 (1.26.5) or chardet (7.2.0)/charset_normalizer (3.4.4) doesn't match a supported version!
  warnings.warn(
/nas/home/jahin/.local/lib/python3.10/site-packages/requests/__init__.py:113: RequestsDependencyWarning: urllib3 (1.26.5) or chardet (7.2.0)/charset_normalizer (3.4.4) doesn't match a supported version!
  warnings.warn(
/nas/home/jahin/.local/lib/python3.10/site-packages/requests/__init__.py:113: RequestsDependencyWarning: urllib3 (1.26.5) or chardet (7.2.0)/charset_normalizer (3.4.4) doesn't match a supported version!
  warnings.warn(
/nas/home/jahin/.local/lib/python3.10/site-packages/requests/__init__.py:113: RequestsDependencyWarning: urllib3 (1.26.5) or chardet (7.2.0)/charset_normalizer (3.4.4) doesn't match a supported version!
  warnings.warn(
/nas/home/jahin/.local/lib/python3.10/site-packages/requests/__init__.py:113: RequestsDependencyWarning: urllib3 (1.26.5) or chardet (7.2.0)/charset_normalizer (3.4.4) doesn't match a supported version!
  warnings.warn(
/nas/home/jahin/.local/lib/python3.10/site-packages/requests/__init__.py:113: RequestsDependencyWarning: urllib3 (1.26.5) or chardet (7.2.0)/charset_normalizer (3.4.4) doesn't match a supported version!
  warnings.warn(
/nas/home/jahin/.local/lib/python3.10/site-packages/requests/__init__.py:113: RequestsDependencyWarning: urllib3 (1.26.5) or chardet (7.2.0)/charset_normalizer (3.4.4) doesn't match a supported version!
  warnings.warn(
/nas/home/jahin/.local/lib/python3.10/site-packages/requests/__init__.py:113: RequestsDependencyWarning: urllib3 (1.26.5) or chardet (7.2.0)/charset_normalizer (3.4.4) doesn't match a supported version!
  warnings.warn(
/nas/home/jahin/.local/lib/python3.10/site-packages/requests/__init__.py:113: RequestsDependencyWarning: urllib3 (1.26.5) or chardet (7.2.0)/charset_normalizer (3.4.4) doesn't match a supported version!
  warnings.warn(
/nas/home/jahin/.local/lib/python3.10/site-packages/requests/__init__.py:113: RequestsDependencyWarning: urllib3 (1.26.5) or chardet (7.2.0)/charset_normalizer (3.4.4) doesn't match a supported version!
  warnings.warn(
/nas/home/jahin/.local/lib/python3.10/site-packages/requests/__init__.py:113: RequestsDependencyWarning: urllib3 (1.26.5) or chardet (7.2.0)/charset_normalizer (3.4.4) doesn't match a supported version!
  warnings.warn(
/nas/home/jahin/.local/lib/python3.10/site-packages/requests/__init__.py:113: RequestsDependencyWarning: urllib3 (1.26.5) or chardet (7.2.0)/charset_normalizer (3.4.4) doesn't match a supported version!
  warnings.warn(
/nas/home/jahin/.local/lib/python3.10/site-packages/requests/__init__.py:113: RequestsDependencyWarning: urllib3 (1.26.5) or chardet (7.2.0)/charset_normalizer (3.4.4) doesn't match a supported version!
  warnings.warn(
/nas/home/jahin/.local/lib/python3.10/site-packages/requests/__init__.py:113: RequestsDependencyWarning: urllib3 (1.26.5) or chardet (7.2.0)/charset_normalizer (3.4.4) doesn't match a supported version!
  warnings.warn(
/nas/home/jahin/.local/lib/python3.10/site-packages/requests/__init__.py:113: RequestsDependencyWarning: urllib3 (1.26.5) or chardet (7.2.0)/charset_normalizer (3.4.4) doesn't match a supported version!
  warnings.warn(
/nas/home/jahin/.local/lib/python3.10/site-packages/requests/__init__.py:113: RequestsDependencyWarning: urllib3 (1.26.5) or chardet (7.2.0)/charset_normalizer (3.4.4) doesn't match a supported version!
  warnings.warn(
/nas/home/jahin/.local/lib/python3.10/site-packages/requests/__init__.py:113: RequestsDependencyWarning: urllib3 (1.26.5) or chardet (7.2.0)/charset_normalizer (3.4.4) doesn't match a supported version!
  warnings.warn(
/nas/home/jahin/.local/lib/python3.10/site-packages/requests/__init__.py:113: RequestsDependencyWarning: urllib3 (1.26.5) or chardet (7.2.0)/charset_normalizer (3.4.4) doesn't match a supported version!
  warnings.warn(
/nas/home/jahin/.local/lib/python3.10/site-packages/requests/__init__.py:113: RequestsDependencyWarning: urllib3 (1.26.5) or chardet (7.2.0)/charset_normalizer (3.4.4) doesn't match a supported version!
  warnings.warn(
/nas/home/jahin/.local/lib/python3.10/site-packages/requests/__init__.py:113: RequestsDependencyWarning: urllib3 (1.26.5) or chardet (7.2.0)/charset_normalizer (3.4.4) doesn't match a supported version!
  warnings.warn(
/nas/home/jahin/.local/lib/python3.10/site-packages/requests/__init__.py:113: RequestsDependencyWarning: urllib3 (1.26.5) or chardet (7.2.0)/charset_normalizer (3.4.4) doesn't match a supported version!
  warnings.warn(
/nas/home/jahin/.local/lib/python3.10/site-packages/requests/__init__.py:113: RequestsDependencyWarning: urllib3 (1.26.5) or chardet (7.2.0)/charset_normalizer (3.4.4) doesn't match a supported version!
  warnings.warn(
/nas/home/jahin/.local/lib/python3.10/site-packages/requests/__init__.py:113: RequestsDependencyWarning: urllib3 (1.26.5) or chardet (7.2.0)/charset_normalizer (3.4.4) doesn't match a supported version!
  warnings.warn(
/nas/home/jahin/.local/lib/python3.10/site-packages/requests/__init__.py:113: RequestsDependencyWarning: urllib3 (1.26.5) or chardet (7.2.0)/charset_normalizer (3.4.4) doesn't match a supported version!
  warnings.warn(
/nas/home/jahin/.local/lib/python3.10/site-packages/requests/__init__.py:113: RequestsDependencyWarning: urllib3 (1.26.5) or chardet (7.2.0)/charset_normalizer (3.4.4) doesn't match a supported version!
  warnings.warn(
/nas/home/jahin/.local/lib/python3.10/site-packages/requests/__init__.py:113: RequestsDependencyWarning: urllib3 (1.26.5) or chardet (7.2.0)/charset_normalizer (3.4.4) doesn't match a supported version!
  warnings.warn(
/nas/home/jahin/.local/lib/python3.10/site-packages/requests/__init__.py:113: RequestsDependencyWarning: urllib3 (1.26.5) or chardet (7.2.0)/charset_normalizer (3.4.4) doesn't match a supported version!
  warnings.warn(
/nas/home/jahin/.local/lib/python3.10/site-packages/requests/__init__.py:113: RequestsDependencyWarning: urllib3 (1.26.5) or chardet (7.2.0)/charset_normalizer (3.4.4) doesn't match a supported version!
  warnings.warn(
/nas/home/jahin/.local/lib/python3.10/site-packages/requests/__init__.py:113: RequestsDependencyWarning: urllib3 (1.26.5) or chardet (7.2.0)/charset_normalizer (3.4.4) doesn't match a supported version!
  warnings.warn(
/nas/home/jahin/.local/lib/python3.10/site-packages/requests/__init__.py:113: RequestsDependencyWarning: urllib3 (1.26.5) or chardet (7.2.0)/charset_normalizer (3.4.4) doesn't match a supported version!
  warnings.warn(
/nas/home/jahin/.local/lib/python3.10/site-packages/requests/__init__.py:113: RequestsDependencyWarning: urllib3 (1.26.5) or chardet (7.2.0)/charset_normalizer (3.4.4) doesn't match a supported version!
  warnings.warn(
/nas/home/jahin/.local/lib/python3.10/site-packages/requests/__init__.py:113: RequestsDependencyWarning: urllib3 (1.26.5) or chardet (7.2.0)/charset_normalizer (3.4.4) doesn't match a supported version!
  warnings.warn(
/nas/home/jahin/.local/lib/python3.10/site-packages/requests/__init__.py:113: RequestsDependencyWarning: urllib3 (1.26.5) or chardet (7.2.0)/charset_normalizer (3.4.4) doesn't match a supported version!
  warnings.warn(
/nas/home/jahin/.local/lib/python3.10/site-packages/requests/__init__.py:113: RequestsDependencyWarning: urllib3 (1.26.5) or chardet (7.2.0)/charset_normalizer (3.4.4) doesn't match a supported version!
  warnings.warn(
/nas/home/jahin/.local/lib/python3.10/site-packages/requests/__init__.py:113: RequestsDependencyWarning: urllib3 (1.26.5) or chardet (7.2.0)/charset_normalizer (3.4.4) doesn't match a supported version!
  warnings.warn(
/nas/home/jahin/.local/lib/python3.10/site-packages/requests/__init__.py:113: RequestsDependencyWarning: urllib3 (1.26.5) or chardet (7.2.0)/charset_normalizer (3.4.4) doesn't match a supported version!
  warnings.warn(
/nas/home/jahin/.local/lib/python3.10/site-packages/requests/__init__.py:113: RequestsDependencyWarning: urllib3 (1.26.5) or chardet (7.2.0)/charset_normalizer (3.4.4) doesn't match a supported version!
  warnings.warn(
/nas/home/jahin/.local/lib/python3.10/site-packages/requests/__init__.py:113: RequestsDependencyWarning: urllib3 (1.26.5) or chardet (7.2.0)/charset_normalizer (3.4.4) doesn't match a supported version!
  warnings.warn(
/nas/home/jahin/.local/lib/python3.10/site-packages/requests/__init__.py:113: RequestsDependencyWarning: urllib3 (1.26.5) or chardet (7.2.0)/charset_normalizer (3.4.4) doesn't match a supported version!
  warnings.warn(
/nas/home/jahin/.local/lib/python3.10/site-packages/requests/__init__.py:113: RequestsDependencyWarning: urllib3 (1.26.5) or chardet (7.2.0)/charset_normalizer (3.4.4) doesn't match a supported version!
  warnings.warn(
/nas/home/jahin/.local/lib/python3.10/site-packages/requests/__init__.py:113: RequestsDependencyWarning: urllib3 (1.26.5) or chardet (7.2.0)/charset_normalizer (3.4.4) doesn't match a supported version!
  warnings.warn(
/nas/home/jahin/.local/lib/python3.10/site-packages/requests/__init__.py:113: RequestsDependencyWarning: urllib3 (1.26.5) or chardet (7.2.0)/charset_normalizer (3.4.4) doesn't match a supported version!
  warnings.warn(
/nas/home/jahin/.local/lib/python3.10/site-packages/requests/__init__.py:113: RequestsDependencyWarning: urllib3 (1.26.5) or chardet (7.2.0)/charset_normalizer (3.4.4) doesn't match a supported version!
  warnings.warn(
/nas/home/jahin/.local/lib/python3.10/site-packages/requests/__init__.py:113: RequestsDependencyWarning: urllib3 (1.26.5) or chardet (7.2.0)/charset_normalizer (3.4.4) doesn't match a supported version!
  warnings.warn(
/nas/home/jahin/.local/lib/python3.10/site-packages/requests/__init__.py:113: RequestsDependencyWarning: urllib3 (1.26.5) or chardet (7.2.0)/charset_normalizer (3.4.4) doesn't match a supported version!
  warnings.warn(
  seed=0  mean=53.00%
  seed=1  mean=47.50%
  seed=2  mean=55.00%
  seed=3  mean=52.00%
  seed=4  mean=55.00%
  seed=5  mean=50.00%
  seed=6  mean=53.50%
  seed=7  mean=49.50%
  seed=8  mean=54.50%
  seed=9  mean=51.50%

  RESULT: 52.15% +/- 2.41%
  Saved: /nas/home/jahin/TCBG_fair_eval/results/tempgntk_fair/infectious_ct1_fair.json

============================================================
DATASET: dblp_ct1
============================================================
  755 graphs, 2 classes
  Computing Gram matrix (755 graphs)...
  Shape: (755, 755, 5)  [12.2 min]
/nas/home/jahin/.local/lib/python3.10/site-packages/requests/__init__.py:113: RequestsDependencyWarning: urllib3 (1.26.5) or chardet (7.2.0)/charset_normalizer (3.4.4) doesn't match a supported version!
  warnings.warn(
/nas/home/jahin/.local/lib/python3.10/site-packages/requests/__init__.py:113: RequestsDependencyWarning: urllib3 (1.26.5) or chardet (7.2.0)/charset_normalizer (3.4.4) doesn't match a supported version!
  warnings.warn(
/nas/home/jahin/.local/lib/python3.10/site-packages/requests/__init__.py:113: RequestsDependencyWarning: urllib3 (1.26.5) or chardet (7.2.0)/charset_normalizer (3.4.4) doesn't match a supported version!
  warnings.warn(
/nas/home/jahin/.local/lib/python3.10/site-packages/requests/__init__.py:113: RequestsDependencyWarning: urllib3 (1.26.5) or chardet (7.2.0)/charset_normalizer (3.4.4) doesn't match a supported version!
  warnings.warn(
/nas/home/jahin/.local/lib/python3.10/site-packages/requests/__init__.py:113: RequestsDependencyWarning: urllib3 (1.26.5) or chardet (7.2.0)/charset_normalizer (3.4.4) doesn't match a supported version!
  warnings.warn(
/nas/home/jahin/.local/lib/python3.10/site-packages/requests/__init__.py:113: RequestsDependencyWarning: urllib3 (1.26.5) or chardet (7.2.0)/charset_normalizer (3.4.4) doesn't match a supported version!
  warnings.warn(
/nas/home/jahin/.local/lib/python3.10/site-packages/requests/__init__.py:113: RequestsDependencyWarning: urllib3 (1.26.5) or chardet (7.2.0)/charset_normalizer (3.4.4) doesn't match a supported version!
  warnings.warn(
/nas/home/jahin/.local/lib/python3.10/site-packages/requests/__init__.py:113: RequestsDependencyWarning: urllib3 (1.26.5) or chardet (7.2.0)/charset_normalizer (3.4.4) doesn't match a supported version!
  warnings.warn(
/nas/home/jahin/.local/lib/python3.10/site-packages/requests/__init__.py:113: RequestsDependencyWarning: urllib3 (1.26.5) or chardet (7.2.0)/charset_normalizer (3.4.4) doesn't match a supported version!
  warnings.warn(
/nas/home/jahin/.local/lib/python3.10/site-packages/requests/__init__.py:113: RequestsDependencyWarning: urllib3 (1.26.5) or chardet (7.2.0)/charset_normalizer (3.4.4) doesn't match a supported version!
  warnings.warn(
/nas/home/jahin/.local/lib/python3.10/site-packages/requests/__init__.py:113: RequestsDependencyWarning: urllib3 (1.26.5) or chardet (7.2.0)/charset_normalizer (3.4.4) doesn't match a supported version!
  warnings.warn(
/nas/home/jahin/.local/lib/python3.10/site-packages/requests/__init__.py:113: RequestsDependencyWarning: urllib3 (1.26.5) or chardet (7.2.0)/charset_normalizer (3.4.4) doesn't match a supported version!
  warnings.warn(
/nas/home/jahin/.local/lib/python3.10/site-packages/requests/__init__.py:113: RequestsDependencyWarning: urllib3 (1.26.5) or chardet (7.2.0)/charset_normalizer (3.4.4) doesn't match a supported version!
  warnings.warn(
/nas/home/jahin/.local/lib/python3.10/site-packages/requests/__init__.py:113: RequestsDependencyWarning: urllib3 (1.26.5) or chardet (7.2.0)/charset_normalizer (3.4.4) doesn't match a supported version!
  warnings.warn(
/nas/home/jahin/.local/lib/python3.10/site-packages/requests/__init__.py:113: RequestsDependencyWarning: urllib3 (1.26.5) or chardet (7.2.0)/charset_normalizer (3.4.4) doesn't match a supported version!
  warnings.warn(
/nas/home/jahin/.local/lib/python3.10/site-packages/requests/__init__.py:113: RequestsDependencyWarning: urllib3 (1.26.5) or chardet (7.2.0)/charset_normalizer (3.4.4) doesn't match a supported version!
  warnings.warn(
/nas/home/jahin/.local/lib/python3.10/site-packages/requests/__init__.py:113: RequestsDependencyWarning: urllib3 (1.26.5) or chardet (7.2.0)/charset_normalizer (3.4.4) doesn't match a supported version!
  warnings.warn(
/nas/home/jahin/.local/lib/python3.10/site-packages/requests/__init__.py:113: RequestsDependencyWarning: urllib3 (1.26.5) or chardet (7.2.0)/charset_normalizer (3.4.4) doesn't match a supported version!
  warnings.warn(
/nas/home/jahin/.local/lib/python3.10/site-packages/requests/__init__.py:113: RequestsDependencyWarning: urllib3 (1.26.5) or chardet (7.2.0)/charset_normalizer (3.4.4) doesn't match a supported version!
  warnings.warn(
/nas/home/jahin/.local/lib/python3.10/site-packages/requests/__init__.py:113: RequestsDependencyWarning: urllib3 (1.26.5) or chardet (7.2.0)/charset_normalizer (3.4.4) doesn't match a supported version!
  warnings.warn(
/nas/home/jahin/.local/lib/python3.10/site-packages/requests/__init__.py:113: RequestsDependencyWarning: urllib3 (1.26.5) or chardet (7.2.0)/charset_normalizer (3.4.4) doesn't match a supported version!
  warnings.warn(
/nas/home/jahin/.local/lib/python3.10/site-packages/requests/__init__.py:113: RequestsDependencyWarning: urllib3 (1.26.5) or chardet (7.2.0)/charset_normalizer (3.4.4) doesn't match a supported version!
  warnings.warn(
/nas/home/jahin/.local/lib/python3.10/site-packages/requests/__init__.py:113: RequestsDependencyWarning: urllib3 (1.26.5) or chardet (7.2.0)/charset_normalizer (3.4.4) doesn't match a supported version!
  warnings.warn(
/nas/home/jahin/.local/lib/python3.10/site-packages/requests/__init__.py:113: RequestsDependencyWarning: urllib3 (1.26.5) or chardet (7.2.0)/charset_normalizer (3.4.4) doesn't match a supported version!
  warnings.warn(
/nas/home/jahin/.local/lib/python3.10/site-packages/requests/__init__.py:113: RequestsDependencyWarning: urllib3 (1.26.5) or chardet (7.2.0)/charset_normalizer (3.4.4) doesn't match a supported version!
  warnings.warn(
/nas/home/jahin/.local/lib/python3.10/site-packages/requests/__init__.py:113: RequestsDependencyWarning: urllib3 (1.26.5) or chardet (7.2.0)/charset_normalizer (3.4.4) doesn't match a supported version!
  warnings.warn(
/nas/home/jahin/.local/lib/python3.10/site-packages/requests/__init__.py:113: RequestsDependencyWarning: urllib3 (1.26.5) or chardet (7.2.0)/charset_normalizer (3.4.4) doesn't match a supported version!
  warnings.warn(
/nas/home/jahin/.local/lib/python3.10/site-packages/requests/__init__.py:113: RequestsDependencyWarning: urllib3 (1.26.5) or chardet (7.2.0)/charset_normalizer (3.4.4) doesn't match a supported version!
  warnings.warn(
/nas/home/jahin/.local/lib/python3.10/site-packages/requests/__init__.py:113: RequestsDependencyWarning: urllib3 (1.26.5) or chardet (7.2.0)/charset_normalizer (3.4.4) doesn't match a supported version!
  warnings.warn(
/nas/home/jahin/.local/lib/python3.10/site-packages/requests/__init__.py:113: RequestsDependencyWarning: urllib3 (1.26.5) or chardet (7.2.0)/charset_normalizer (3.4.4) doesn't match a supported version!
  warnings.warn(
/nas/home/jahin/.local/lib/python3.10/site-packages/requests/__init__.py:113: RequestsDependencyWarning: urllib3 (1.26.5) or chardet (7.2.0)/charset_normalizer (3.4.4) doesn't match a supported version!
  warnings.warn(
/nas/home/jahin/.local/lib/python3.10/site-packages/requests/__init__.py:113: RequestsDependencyWarning: urllib3 (1.26.5) or chardet (7.2.0)/charset_normalizer (3.4.4) doesn't match a supported version!
  warnings.warn(
/nas/home/jahin/.local/lib/python3.10/site-packages/requests/__init__.py:113: RequestsDependencyWarning: urllib3 (1.26.5) or chardet (7.2.0)/charset_normalizer (3.4.4) doesn't match a supported version!
  warnings.warn(
/nas/home/jahin/.local/lib/python3.10/site-packages/requests/__init__.py:113: RequestsDependencyWarning: urllib3 (1.26.5) or chardet (7.2.0)/charset_normalizer (3.4.4) doesn't match a supported version!
  warnings.warn(
/nas/home/jahin/.local/lib/python3.10/site-packages/requests/__init__.py:113: RequestsDependencyWarning: urllib3 (1.26.5) or chardet (7.2.0)/charset_normalizer (3.4.4) doesn't match a supported version!
  warnings.warn(
/nas/home/jahin/.local/lib/python3.10/site-packages/requests/__init__.py:113: RequestsDependencyWarning: urllib3 (1.26.5) or chardet (7.2.0)/charset_normalizer (3.4.4) doesn't match a supported version!
  warnings.warn(
/nas/home/jahin/.local/lib/python3.10/site-packages/requests/__init__.py:113: RequestsDependencyWarning: urllib3 (1.26.5) or chardet (7.2.0)/charset_normalizer (3.4.4) doesn't match a supported version!
  warnings.warn(
/nas/home/jahin/.local/lib/python3.10/site-packages/requests/__init__.py:113: RequestsDependencyWarning: urllib3 (1.26.5) or chardet (7.2.0)/charset_normalizer (3.4.4) doesn't match a supported version!
  warnings.warn(
/nas/home/jahin/.local/lib/python3.10/site-packages/requests/__init__.py:113: RequestsDependencyWarning: urllib3 (1.26.5) or chardet (7.2.0)/charset_normalizer (3.4.4) doesn't match a supported version!
  warnings.warn(
/nas/home/jahin/.local/lib/python3.10/site-packages/requests/__init__.py:113: RequestsDependencyWarning: urllib3 (1.26.5) or chardet (7.2.0)/charset_normalizer (3.4.4) doesn't match a supported version!
  warnings.warn(
/nas/home/jahin/.local/lib/python3.10/site-packages/requests/__init__.py:113: RequestsDependencyWarning: urllib3 (1.26.5) or chardet (7.2.0)/charset_normalizer (3.4.4) doesn't match a supported version!
  warnings.warn(
/nas/home/jahin/.local/lib/python3.10/site-packages/requests/__init__.py:113: RequestsDependencyWarning: urllib3 (1.26.5) or chardet (7.2.0)/charset_normalizer (3.4.4) doesn't match a supported version!
  warnings.warn(
/nas/home/jahin/.local/lib/python3.10/site-packages/requests/__init__.py:113: RequestsDependencyWarning: urllib3 (1.26.5) or chardet (7.2.0)/charset_normalizer (3.4.4) doesn't match a supported version!
  warnings.warn(
/nas/home/jahin/.local/lib/python3.10/site-packages/requests/__init__.py:113: RequestsDependencyWarning: urllib3 (1.26.5) or chardet (7.2.0)/charset_normalizer (3.4.4) doesn't match a supported version!
  warnings.warn(
/nas/home/jahin/.local/lib/python3.10/site-packages/requests/__init__.py:113: RequestsDependencyWarning: urllib3 (1.26.5) or chardet (7.2.0)/charset_normalizer (3.4.4) doesn't match a supported version!
  warnings.warn(
/nas/home/jahin/.local/lib/python3.10/site-packages/requests/__init__.py:113: RequestsDependencyWarning: urllib3 (1.26.5) or chardet (7.2.0)/charset_normalizer (3.4.4) doesn't match a supported version!
  warnings.warn(
/nas/home/jahin/.local/lib/python3.10/site-packages/requests/__init__.py:113: RequestsDependencyWarning: urllib3 (1.26.5) or chardet (7.2.0)/charset_normalizer (3.4.4) doesn't match a supported version!
  warnings.warn(
/nas/home/jahin/.local/lib/python3.10/site-packages/requests/__init__.py:113: RequestsDependencyWarning: urllib3 (1.26.5) or chardet (7.2.0)/charset_normalizer (3.4.4) doesn't match a supported version!
  warnings.warn(
  seed=0  mean=47.55%
  seed=1  mean=51.13%
  seed=2  mean=49.93%
  seed=3  mean=49.14%
  seed=4  mean=49.14%
  seed=5  mean=51.26%
  seed=6  mean=49.14%
  seed=7  mean=49.40%
  seed=8  mean=51.79%
  seed=9  mean=49.67%

  RESULT: 49.81% +/- 1.20%
  Saved: /nas/home/jahin/TCBG_fair_eval/results/tempgntk_fair/dblp_ct1_fair.json

============================================================
DATASET: tumblr_ct1
============================================================
  373 graphs, 2 classes
  Computing Gram matrix (373 graphs)...
  Shape: (373, 373, 5)  [3.0 min]
  seed=0  mean=51.75%
  seed=1  mean=50.66%
  seed=2  mean=46.63%
  seed=3  mean=52.03%
  seed=4  mean=48.50%
  seed=5  mean=49.60%
  seed=6  mean=52.54%
  seed=7  mean=50.14%
  seed=8  mean=51.75%
  seed=9  mean=53.60%

  RESULT: 50.72% +/- 1.97%
  Saved: /nas/home/jahin/TCBG_fair_eval/results/tempgntk_fair/tumblr_ct1_fair.json

============================================================
DATASET: mit_ct1
============================================================
  97 graphs, 2 classes
  Computing Gram matrix (97 graphs)...
  Shape: (97, 97, 5)  [0.3 min]
  seed=0  mean=49.32%
  seed=1  mean=46.32%
  seed=2  mean=40.00%
  seed=3  mean=46.63%
  seed=4  mean=50.63%
  seed=5  mean=48.58%
  seed=6  mean=52.47%
  seed=7  mean=52.63%
  seed=8  mean=53.58%
  seed=9  mean=49.47%

  RESULT: 48.96% +/- 3.78%
  Saved: /nas/home/jahin/TCBG_fair_eval/results/tempgntk_fair/mit_ct1_fair.json

============================================================
DATASET: highschool_ct1
============================================================
  180 graphs, 2 classes
  Computing Gram matrix (180 graphs)...
  Shape: (180, 180, 5)  [0.8 min]
  seed=0  mean=51.67%
  seed=1  mean=48.89%
  seed=2  mean=52.22%
  seed=3  mean=57.22%
  seed=4  mean=49.44%
  seed=5  mean=53.89%
  seed=6  mean=55.56%
  seed=7  mean=55.56%
  seed=8  mean=52.22%
  seed=9  mean=53.89%

  RESULT: 53.06% +/- 2.55%
  Saved: /nas/home/jahin/TCBG_fair_eval/results/tempgntk_fair/highschool_ct1_fair.json

==================================================
SUMMARY
==================================================
  infectious_ct1        52.15% +/- 2.41%
  dblp_ct1              49.81% +/- 1.20%
  tumblr_ct1            50.72% +/- 1.97%
  mit_ct1               48.96% +/- 3.78%
  highschool_ct1        53.06% +/- 2.55%

============================================================
RUNNING: T3Former Fair Eval
============================================================

>>> /usr/bin/python3 /nas/home/jahin/TCBG_fair_eval/run_t3former_fair.py --device cuda --t3former_dir /nas/home/jahin/TCBG_fair_eval/T3Former-3311

/nas/home/jahin/.local/lib/python3.10/site-packages/requests/__init__.py:113: RequestsDependencyWarning: urllib3 (1.26.5) or chardet (7.2.0)/charset_normalizer (3.4.4) doesn't match a supported version!
  warnings.warn(
T3Former Fair Eval | device=cuda | epochs=100
Protocol: StratifiedKFold(5) x 10 seeds = 50 runs per dataset


============================================================  INFECTIOUS_CT1
Loading data...
  200 graphs loaded
  classes=2  sage_dim=48  betti_shape=(200, 9, 4)  dos_shape=(200, 9, 4)

--- Phase 1: Grid Search (3 seeds x 36 combos) ---
  lr=0.01 h=16 drop=0.5  mean=46.17%
  lr=0.01 h=16 drop=0.3  mean=48.67%
  lr=0.01 h=16 drop=0.0  mean=48.17%
  lr=0.01 h=32 drop=0.5  mean=44.00%
  lr=0.01 h=32 drop=0.3  mean=44.83%
  lr=0.01 h=32 drop=0.0  mean=47.00%
  lr=0.01 h=64 drop=0.5  mean=46.50%
  lr=0.01 h=64 drop=0.3  mean=47.17%
  lr=0.01 h=64 drop=0.0  mean=47.33%
  lr=0.01 h=128 drop=0.5  mean=45.83%
  lr=0.01 h=128 drop=0.3  mean=45.67%
  lr=0.01 h=128 drop=0.0  mean=46.17%
  lr=0.005 h=16 drop=0.5  mean=46.83%
  lr=0.005 h=16 drop=0.3  mean=48.50%
  lr=0.005 h=16 drop=0.0  mean=48.17%
  lr=0.005 h=32 drop=0.5  mean=46.17%
  lr=0.005 h=32 drop=0.3  mean=49.17%
  lr=0.005 h=32 drop=0.0  mean=47.83%
  lr=0.005 h=64 drop=0.5  mean=45.83%
  lr=0.005 h=64 drop=0.3  mean=46.83%
  lr=0.005 h=64 drop=0.0  mean=47.00%
  lr=0.005 h=128 drop=0.5  mean=46.17%
  lr=0.005 h=128 drop=0.3  mean=44.83%
  lr=0.005 h=128 drop=0.0  mean=47.50%
  lr=0.001 h=16 drop=0.5  mean=45.50%
  lr=0.001 h=16 drop=0.3  mean=45.83%
  lr=0.001 h=16 drop=0.0  mean=47.17%
  lr=0.001 h=32 drop=0.5  mean=45.17%
  lr=0.001 h=32 drop=0.3  mean=45.50%
  lr=0.001 h=32 drop=0.0  mean=43.67%
  lr=0.001 h=64 drop=0.5  mean=44.17%
  lr=0.001 h=64 drop=0.3  mean=45.17%
  lr=0.001 h=64 drop=0.0  mean=44.17%
  lr=0.001 h=128 drop=0.5  mean=47.33%
  lr=0.001 h=128 drop=0.3  mean=45.67%
  lr=0.001 h=128 drop=0.0  mean=47.83%

  BEST: lr=0.005 h=32 drop=0.3  val=49.17%

--- Phase 2: Full Eval (10 seeds x 5 folds) ---
  Config: lr=0.005  h=32  drop=0.3

  seed=0:
    fold 1/5  acc=52.50%
    fold 2/5  acc=37.50%
    fold 3/5  acc=32.50%
    fold 4/5  acc=57.50%
    fold 5/5  acc=52.50%
  --> seed=0 mean: 46.50%

  seed=1:
    fold 1/5  acc=42.50%
    fold 2/5  acc=47.50%
    fold 3/5  acc=42.50%
    fold 4/5  acc=45.00%
    fold 5/5  acc=45.00%
  --> seed=1 mean: 44.50%

  seed=2:
    fold 1/5  acc=62.50%
    fold 2/5  acc=45.00%
    fold 3/5  acc=42.50%
    fold 4/5  acc=50.00%
    fold 5/5  acc=42.50%
  --> seed=2 mean: 48.50%

  seed=3:
    fold 1/5  acc=55.00%
    fold 2/5  acc=57.50%
    fold 3/5  acc=40.00%
    fold 4/5  acc=47.50%
    fold 5/5  acc=47.50%
  --> seed=3 mean: 49.50%

  seed=4:
    fold 1/5  acc=55.00%
    fold 2/5  acc=45.00%
    fold 3/5  acc=47.50%
    fold 4/5  acc=52.50%
    fold 5/5  acc=45.00%
  --> seed=4 mean: 49.00%

  seed=5:
    fold 1/5  acc=57.50%
    fold 2/5  acc=45.00%
    fold 3/5  acc=42.50%
    fold 4/5  acc=40.00%
    fold 5/5  acc=55.00%
  --> seed=5 mean: 48.00%

  seed=6:
    fold 1/5  acc=65.00%
    fold 2/5  acc=40.00%
    fold 3/5  acc=50.00%
    fold 4/5  acc=42.50%
    fold 5/5  acc=45.00%
  --> seed=6 mean: 48.50%

  seed=7:
    fold 1/5  acc=42.50%
    fold 2/5  acc=52.50%
    fold 3/5  acc=42.50%
    fold 4/5  acc=50.00%
    fold 5/5  acc=57.50%
  --> seed=7 mean: 49.00%

  seed=8:
    fold 1/5  acc=55.00%
    fold 2/5  acc=52.50%
    fold 3/5  acc=47.50%
    fold 4/5  acc=47.50%
    fold 5/5  acc=50.00%
  --> seed=8 mean: 50.50%

  seed=9:
    fold 1/5  acc=47.50%
    fold 2/5  acc=57.50%
    fold 3/5  acc=52.50%
    fold 4/5  acc=40.00%
    fold 5/5  acc=37.50%
  --> seed=9 mean: 47.00%

  T3Former Fair:  48.10% +/- 1.62%
  T3Former Paper: 68.50%  (single seed=42)
  TCBG (ours):    69.55% +/- 2.22%

============================================================  DBLP_CT1
Loading data...
  755 graphs loaded
  classes=2  sage_dim=46  betti_shape=(755, 9, 4)  dos_shape=(755, 9, 4)

--- Phase 1: Grid Search (3 seeds x 36 combos) ---
  lr=0.01 h=16 drop=0.5  mean=52.80%
  lr=0.01 h=16 drop=0.3  mean=49.71%
  lr=0.01 h=16 drop=0.0  mean=49.71%
  lr=0.01 h=32 drop=0.5  mean=51.35%
  lr=0.01 h=32 drop=0.3  mean=51.04%
  lr=0.01 h=32 drop=0.0  mean=50.02%
  lr=0.01 h=64 drop=0.5  mean=51.79%
  lr=0.01 h=64 drop=0.3  mean=51.43%
  lr=0.01 h=64 drop=0.0  mean=50.46%
  lr=0.01 h=128 drop=0.5  mean=51.04%
  lr=0.01 h=128 drop=0.3  mean=50.51%
  lr=0.01 h=128 drop=0.0  mean=51.26%
  lr=0.005 h=16 drop=0.5  mean=52.76%
  lr=0.005 h=16 drop=0.3  mean=51.30%
  lr=0.005 h=16 drop=0.0  mean=48.79%
  lr=0.005 h=32 drop=0.5  mean=51.04%
  lr=0.005 h=32 drop=0.3  mean=51.26%
  lr=0.005 h=32 drop=0.0  mean=49.14%
  lr=0.005 h=64 drop=0.5  mean=50.42%
  lr=0.005 h=64 drop=0.3  mean=50.15%
  lr=0.005 h=64 drop=0.0  mean=49.09%
  lr=0.005 h=128 drop=0.5  mean=52.23%
  lr=0.005 h=128 drop=0.3  mean=49.98%
  lr=0.005 h=128 drop=0.0  mean=49.62%
  lr=0.001 h=16 drop=0.5  mean=52.45%
  lr=0.001 h=16 drop=0.3  mean=52.14%
  lr=0.001 h=16 drop=0.0  mean=50.77%
  lr=0.001 h=32 drop=0.5  mean=52.32%
  lr=0.001 h=32 drop=0.3  mean=51.79%
  lr=0.001 h=32 drop=0.0  mean=50.29%
  lr=0.001 h=64 drop=0.5  mean=51.74%
  lr=0.001 h=64 drop=0.3  mean=50.95%
  lr=0.001 h=64 drop=0.0  mean=50.51%
  lr=0.001 h=128 drop=0.5  mean=51.26%
  lr=0.001 h=128 drop=0.3  mean=50.99%
  lr=0.001 h=128 drop=0.0  mean=50.91%

  BEST: lr=0.01 h=16 drop=0.5  val=52.80%

--- Phase 2: Full Eval (10 seeds x 5 folds) ---
  Config: lr=0.01  h=16  drop=0.5

  seed=0:
    fold 1/5  acc=52.32%
    fold 2/5  acc=51.66%
    fold 3/5  acc=56.29%
    fold 4/5  acc=56.95%
    fold 5/5  acc=50.33%
  --> seed=0 mean: 53.51%

  seed=1:
    fold 1/5  acc=55.63%
    fold 2/5  acc=52.98%
    fold 3/5  acc=49.67%
    fold 4/5  acc=59.60%
    fold 5/5  acc=47.02%
  --> seed=1 mean: 52.98%

  seed=2:
    fold 1/5  acc=47.68%
    fold 2/5  acc=49.67%
    fold 3/5  acc=49.01%
    fold 4/5  acc=50.33%
    fold 5/5  acc=49.67%
  --> seed=2 mean: 49.27%

  seed=3:
    fold 1/5  acc=54.97%
    fold 2/5  acc=53.64%
    fold 3/5  acc=49.67%
    fold 4/5  acc=54.30%
    fold 5/5  acc=49.01%
  --> seed=3 mean: 52.32%

  seed=4:
    fold 1/5  acc=52.32%
    fold 2/5  acc=51.66%
    fold 3/5  acc=54.30%
    fold 4/5  acc=52.32%
    fold 5/5  acc=53.64%
  --> seed=4 mean: 52.85%

  seed=5:
    fold 1/5  acc=47.02%
    fold 2/5  acc=53.64%
    fold 3/5  acc=58.28%
    fold 4/5  acc=50.99%
    fold 5/5  acc=49.67%
  --> seed=5 mean: 51.92%

  seed=6:
    fold 1/5  acc=53.64%
    fold 2/5  acc=52.32%
    fold 3/5  acc=51.66%
    fold 4/5  acc=50.33%
    fold 5/5  acc=52.98%
  --> seed=6 mean: 52.19%

  seed=7:
    fold 1/5  acc=50.33%
    fold 2/5  acc=53.64%
    fold 3/5  acc=48.34%
    fold 4/5  acc=49.67%
    fold 5/5  acc=52.32%
  --> seed=7 mean: 50.86%

  seed=8:
    fold 1/5  acc=55.63%
    fold 2/5  acc=56.95%
    fold 3/5  acc=51.66%
    fold 4/5  acc=52.98%
    fold 5/5  acc=49.67%
  --> seed=8 mean: 53.38%

  seed=9:
    fold 1/5  acc=55.63%
    fold 2/5  acc=49.01%
    fold 3/5  acc=51.66%
    fold 4/5  acc=50.99%
    fold 5/5  acc=54.97%
  --> seed=9 mean: 52.45%

  T3Former Fair:  52.17% +/- 1.21%
  T3Former Paper: 60.90%  (single seed=42)
  TCBG (ours):    93.60% +/- 0.48%

============================================================  TUMBLR_CT1
Loading data...
  373 graphs loaded
  classes=2  sage_dim=89  betti_shape=(373, 9, 4)  dos_shape=(373, 9, 4)

--- Phase 1: Grid Search (3 seeds x 36 combos) ---
  lr=0.01 h=16 drop=0.5  mean=48.27%
  lr=0.01 h=16 drop=0.3  mean=48.08%
  lr=0.01 h=16 drop=0.0  mean=48.53%
  lr=0.01 h=32 drop=0.5  mean=48.61%
  lr=0.01 h=32 drop=0.3  mean=49.51%
  lr=0.01 h=32 drop=0.0  mean=49.23%
  lr=0.01 h=64 drop=0.5  mean=48.97%
  lr=0.01 h=64 drop=0.3  mean=48.17%
  lr=0.01 h=64 drop=0.0  mean=50.32%
  lr=0.01 h=128 drop=0.5  mean=49.06%
  lr=0.01 h=128 drop=0.3  mean=50.23%
  lr=0.01 h=128 drop=0.0  mean=48.52%
  lr=0.005 h=16 drop=0.5  mean=49.15%
  lr=0.005 h=16 drop=0.3  mean=47.99%
  lr=0.005 h=16 drop=0.0  mean=48.71%
  lr=0.005 h=32 drop=0.5  mean=49.07%
  lr=0.005 h=32 drop=0.3  mean=48.44%
  lr=0.005 h=32 drop=0.0  mean=48.98%
  lr=0.005 h=64 drop=0.5  mean=48.08%
  lr=0.005 h=64 drop=0.3  mean=48.53%
  lr=0.005 h=64 drop=0.0  mean=48.53%
  lr=0.005 h=128 drop=0.5  mean=48.08%
  lr=0.005 h=128 drop=0.3  mean=49.25%
  lr=0.005 h=128 drop=0.0  mean=48.88%
  lr=0.001 h=16 drop=0.5  mean=48.53%
  lr=0.001 h=16 drop=0.3  mean=49.60%
  lr=0.001 h=16 drop=0.0  mean=48.61%
  lr=0.001 h=32 drop=0.5  mean=49.51%
  lr=0.001 h=32 drop=0.3  mean=48.61%
  lr=0.001 h=32 drop=0.0  mean=48.72%
  lr=0.001 h=64 drop=0.5  mean=47.91%
  lr=0.001 h=64 drop=0.3  mean=47.98%
  lr=0.001 h=64 drop=0.0  mean=48.34%
  lr=0.001 h=128 drop=0.5  mean=49.42%
  lr=0.001 h=128 drop=0.3  mean=49.42%
  lr=0.001 h=128 drop=0.0  mean=48.52%

  BEST: lr=0.01 h=64 drop=0.0  val=50.32%

--- Phase 2: Full Eval (10 seeds x 5 folds) ---
  Config: lr=0.01  h=64  drop=0.0

  seed=0:
    fold 1/5  acc=50.67%
    fold 2/5  acc=53.33%
    fold 3/5  acc=49.33%
    fold 4/5  acc=52.70%
    fold 5/5  acc=50.00%
  --> seed=0 mean: 51.21%

  seed=1:
    fold 1/5  acc=48.00%
    fold 2/5  acc=44.00%
    fold 3/5  acc=46.67%
    fold 4/5  acc=48.65%
    fold 5/5  acc=48.65%
  --> seed=1 mean: 47.19%

  seed=2:
    fold 1/5  acc=48.00%
    fold 2/5  acc=41.33%
    fold 3/5  acc=53.33%
    fold 4/5  acc=44.59%
    fold 5/5  acc=45.95%
  --> seed=2 mean: 46.64%

  seed=3:
    fold 1/5  acc=48.00%
    fold 2/5  acc=48.00%
    fold 3/5  acc=44.00%
    fold 4/5  acc=50.00%
    fold 5/5  acc=40.54%
  --> seed=3 mean: 46.11%

  seed=4:
    fold 1/5  acc=52.00%
    fold 2/5  acc=42.67%
    fold 3/5  acc=52.00%
    fold 4/5  acc=45.95%
    fold 5/5  acc=45.95%
  --> seed=4 mean: 47.71%

  seed=5:
    fold 1/5  acc=48.00%
    fold 2/5  acc=44.00%
    fold 3/5  acc=46.67%
    fold 4/5  acc=47.30%
    fold 5/5  acc=52.70%
  --> seed=5 mean: 47.73%

  seed=6:
    fold 1/5  acc=45.33%
    fold 2/5  acc=50.67%
    fold 3/5  acc=48.00%
    fold 4/5  acc=59.46%
    fold 5/5  acc=48.65%
  --> seed=6 mean: 50.42%

  seed=7:
    fold 1/5  acc=46.67%
    fold 2/5  acc=46.67%
    fold 3/5  acc=45.33%
    fold 4/5  acc=56.76%
    fold 5/5  acc=44.59%
  --> seed=7 mean: 48.00%

  seed=8:
    fold 1/5  acc=50.67%
    fold 2/5  acc=48.00%
    fold 3/5  acc=49.33%
    fold 4/5  acc=51.35%
    fold 5/5  acc=43.24%
  --> seed=8 mean: 48.52%

  seed=9:
    fold 1/5  acc=57.33%
    fold 2/5  acc=49.33%
    fold 3/5  acc=46.67%
    fold 4/5  acc=44.59%
    fold 5/5  acc=54.05%
  --> seed=9 mean: 50.40%
Traceback (most recent call last):
  File "/nas/home/jahin/TCBG_fair_eval/run_t3former_fair.py", line 438, in <module>
    main()
  File "/nas/home/jahin/TCBG_fair_eval/run_t3former_fair.py", line 405, in main
    json.dump(result, open(out_file, 'w'), indent=2)
OSError: [Errno 28] No space left on device: '/nas/home/jahin/TCBG_fair_eval/results/t3former_fair/tumblr_ct1_fair.json'
Traceback (most recent call last):
  File "/nas/home/jahin/TCBG_fair_eval/run_all.py", line 75, in <module>
    main()
  File "/nas/home/jahin/TCBG_fair_eval/run_all.py", line 66, in main
    run([sys.executable, str(HERE / 'run_t3former_fair.py'),
  File "/nas/home/jahin/TCBG_fair_eval/run_all.py", line 28, in run
    subprocess.run(cmd, check=True)
  File "/usr/lib/python3.10/subprocess.py", line 526, in run
    raise CalledProcessError(retcode, process.args,
subprocess.CalledProcessError: Command '['/usr/bin/python3', '/nas/home/jahin/TCBG_fair_eval/run_t3former_fair.py', '--device', 'cuda', '--t3former_dir', '/nas/home/jahin/TCBG_fair_eval/T3Former-3311']' returned non-zero exit status 1.
