/nas/home/jahin/.local/lib/python3.10/site-packages/requests/__init__.py:113: RequestsDependencyWarning: urllib3 (1.26.5) or chardet (7.2.0)/charset_normalizer (3.4.4) doesn't match a supported version!
  warnings.warn(
T3Former Fair Eval | device=cuda | epochs=100
Protocol: StratifiedKFold(5) x 10 seeds = 50 runs per dataset


============================================================  TUMBLR_CT1
Loading data...
  373 graphs loaded
  classes=2  sage_dim=89  betti_shape=(373, 9, 4)  dos_shape=(373, 9, 4)

--- Phase 1: Grid Search (3 seeds x 36 combos) ---
  [skip grid] using defaults: lr=0.005 h=32 drop=0.3

--- Phase 2: Full Eval (10 seeds x 5 folds) ---
  Config: lr=0.005  h=32  drop=0.3

  seed=0:
    fold 1/5  acc=45.33%
    fold 2/5  acc=56.00%
    fold 3/5  acc=49.33%
    fold 4/5  acc=48.65%
    fold 5/5  acc=48.65%
  --> seed=0 mean: 49.59%

  seed=1:
    fold 1/5  acc=49.33%
    fold 2/5  acc=46.67%
    fold 3/5  acc=49.33%
    fold 4/5  acc=39.19%
    fold 5/5  acc=45.95%
  --> seed=1 mean: 46.09%

  seed=2:
    fold 1/5  acc=52.00%
    fold 2/5  acc=38.67%
    fold 3/5  acc=49.33%
    fold 4/5  acc=50.00%
    fold 5/5  acc=45.95%
  --> seed=2 mean: 47.19%

  seed=3:
    fold 1/5  acc=48.00%
    fold 2/5  acc=53.33%
    fold 3/5  acc=50.67%
    fold 4/5  acc=48.65%
    fold 5/5  acc=44.59%
  --> seed=3 mean: 49.05%

  seed=4:
    fold 1/5  acc=49.33%
    fold 2/5  acc=49.33%
    fold 3/5  acc=57.33%
    fold 4/5  acc=50.00%
    fold 5/5  acc=50.00%
  --> seed=4 mean: 51.20%

  seed=5:
    fold 1/5  acc=52.00%
    fold 2/5  acc=53.33%
    fold 3/5  acc=49.33%
    fold 4/5  acc=47.30%
    fold 5/5  acc=48.65%
  --> seed=5 mean: 50.12%

  seed=6:
    fold 1/5  acc=40.00%
    fold 2/5  acc=50.67%
    fold 3/5  acc=48.00%
    fold 4/5  acc=54.05%
    fold 5/5  acc=47.30%
  --> seed=6 mean: 48.00%

  seed=7:
    fold 1/5  acc=45.33%
    fold 2/5  acc=46.67%
    fold 3/5  acc=56.00%
    fold 4/5  acc=56.76%
    fold 5/5  acc=44.59%
  --> seed=7 mean: 49.87%

  seed=8:
    fold 1/5  acc=46.67%
    fold 2/5  acc=53.33%
    fold 3/5  acc=53.33%
    fold 4/5  acc=44.59%
    fold 5/5  acc=48.65%
  --> seed=8 mean: 49.32%

  seed=9:
    fold 1/5  acc=50.67%
    fold 2/5  acc=49.33%
    fold 3/5  acc=46.67%
    fold 4/5  acc=50.00%
    fold 5/5  acc=50.00%
  --> seed=9 mean: 49.33%

  T3Former Fair:  48.98% +/- 1.42%
  T3Former Paper: 63.20%  (single seed=42)
  TCBG (ours):    57.99% +/- 1.41%

============================================================  MIT_CT1
Loading data...
  97 graphs loaded
  classes=2  sage_dim=5576  betti_shape=(97, 9, 4)  dos_shape=(97, 9, 4)

--- Phase 1: Grid Search (3 seeds x 36 combos) ---
  [skip grid] using defaults: lr=0.005 h=32 drop=0.3

--- Phase 2: Full Eval (10 seeds x 5 folds) ---
  Config: lr=0.005  h=32  drop=0.3

  seed=0:
    fold 1/5  acc=60.00%
    fold 2/5  acc=55.00%
    fold 3/5  acc=63.16%
    fold 4/5  acc=52.63%
    fold 5/5  acc=36.84%
  --> seed=0 mean: 53.53%

  seed=1:
    fold 1/5  acc=75.00%
    fold 2/5  acc=80.00%
    fold 3/5  acc=42.11%
    fold 4/5  acc=52.63%
    fold 5/5  acc=47.37%
  --> seed=1 mean: 59.42%

  seed=2:
    fold 1/5  acc=40.00%
    fold 2/5  acc=40.00%
    fold 3/5  acc=63.16%
    fold 4/5  acc=73.68%
    fold 5/5  acc=52.63%
  --> seed=2 mean: 53.89%

  seed=3:
    fold 1/5  acc=40.00%
    fold 2/5  acc=65.00%
    fold 3/5  acc=47.37%
    fold 4/5  acc=47.37%
    fold 5/5  acc=36.84%
  --> seed=3 mean: 47.32%

  seed=4:
    fold 1/5  acc=65.00%
    fold 2/5  acc=50.00%
    fold 3/5  acc=42.11%
    fold 4/5  acc=73.68%
    fold 5/5  acc=63.16%
  --> seed=4 mean: 58.79%

  seed=5:
    fold 1/5  acc=45.00%
    fold 2/5  acc=60.00%
    fold 3/5  acc=57.89%
    fold 4/5  acc=68.42%
    fold 5/5  acc=63.16%
  --> seed=5 mean: 58.89%

  seed=6:
    fold 1/5  acc=65.00%
    fold 2/5  acc=65.00%
    fold 3/5  acc=73.68%
    fold 4/5  acc=52.63%
    fold 5/5  acc=52.63%
  --> seed=6 mean: 61.79%

  seed=7:
    fold 1/5  acc=65.00%
    fold 2/5  acc=55.00%
    fold 3/5  acc=57.89%
    fold 4/5  acc=52.63%
    fold 5/5  acc=68.42%
  --> seed=7 mean: 59.79%

  seed=8:
    fold 1/5  acc=55.00%
    fold 2/5  acc=35.00%
    fold 3/5  acc=52.63%
    fold 4/5  acc=36.84%
    fold 5/5  acc=63.16%
  --> seed=8 mean: 48.53%

  seed=9:
    fold 1/5  acc=60.00%
    fold 2/5  acc=65.00%
    fold 3/5  acc=63.16%
    fold 4/5  acc=47.37%
    fold 5/5  acc=57.89%
  --> seed=9 mean: 58.68%

  T3Former Fair:  56.06% +/- 4.74%
  T3Former Paper: 73.16%  (single seed=42)
  TCBG (ours):    70.42% +/- 4.28%

============================================================  HIGHSCHOOL_CT1
Loading data...
  180 graphs loaded
  classes=2  sage_dim=203  betti_shape=(180, 9, 4)  dos_shape=(180, 9, 4)

--- Phase 1: Grid Search (3 seeds x 36 combos) ---
  [skip grid] using defaults: lr=0.005 h=32 drop=0.3

--- Phase 2: Full Eval (10 seeds x 5 folds) ---
  Config: lr=0.005  h=32  drop=0.3

  seed=0:
    fold 1/5  acc=50.00%
    fold 2/5  acc=55.56%
    fold 3/5  acc=61.11%
    fold 4/5  acc=63.89%
    fold 5/5  acc=36.11%
  --> seed=0 mean: 53.33%

  seed=1:
    fold 1/5  acc=58.33%
    fold 2/5  acc=69.44%
    fold 3/5  acc=66.67%
    fold 4/5  acc=61.11%
    fold 5/5  acc=55.56%
  --> seed=1 mean: 62.22%

  seed=2:
    fold 1/5  acc=50.00%
    fold 2/5  acc=58.33%
    fold 3/5  acc=61.11%
    fold 4/5  acc=58.33%
    fold 5/5  acc=52.78%
  --> seed=2 mean: 56.11%

  seed=3:
    fold 1/5  acc=69.44%
    fold 2/5  acc=50.00%
    fold 3/5  acc=52.78%
    fold 4/5  acc=52.78%
    fold 5/5  acc=47.22%
  --> seed=3 mean: 54.44%

  seed=4:
    fold 1/5  acc=47.22%
    fold 2/5  acc=61.11%
    fold 3/5  acc=55.56%
    fold 4/5  acc=55.56%
    fold 5/5  acc=44.44%
  --> seed=4 mean: 52.78%

  seed=5:
    fold 1/5  acc=36.11%
    fold 2/5  acc=55.56%
    fold 3/5  acc=69.44%
    fold 4/5  acc=55.56%
    fold 5/5  acc=47.22%
  --> seed=5 mean: 52.78%

  seed=6:
    fold 1/5  acc=61.11%
    fold 2/5  acc=41.67%
    fold 3/5  acc=38.89%
    fold 4/5  acc=44.44%
    fold 5/5  acc=63.89%
  --> seed=6 mean: 50.00%

  seed=7:
    fold 1/5  acc=52.78%
    fold 2/5  acc=44.44%
    fold 3/5  acc=38.89%
    fold 4/5  acc=58.33%
    fold 5/5  acc=58.33%
  --> seed=7 mean: 50.56%

  seed=8:
    fold 1/5  acc=58.33%
    fold 2/5  acc=52.78%
    fold 3/5  acc=61.11%
    fold 4/5  acc=55.56%
    fold 5/5  acc=52.78%
  --> seed=8 mean: 56.11%

  seed=9:
    fold 1/5  acc=58.33%
    fold 2/5  acc=52.78%
    fold 3/5  acc=44.44%
    fold 4/5  acc=52.78%
    fold 5/5  acc=47.22%
  --> seed=9 mean: 51.11%

  T3Former Fair:  53.94% +/- 3.41%
  T3Former Paper: 67.20%  (single seed=42)
  TCBG (ours):    56.83% +/- 3.99%


===========================================================================
       FAIR COMPARISON  (same protocol: StratifiedKFold x 10 seeds)        
===========================================================================
Dataset               T3Former (fair)    T3Former (paper)         TCBG (ours)
---------------------------------------------------------------------------
tumblr_ct1         48.98% +/- 1.42%               63.20%    57.99% +/- 1.41%  <- TCBG
mit_ct1            56.06% +/- 4.74%               73.16%    70.42% +/- 4.28%  <- TCBG
highschool_ct1     53.94% +/- 3.41%               67.20%    56.83% +/- 3.99%  <- TCBG
===========================================================================

Note: "T3Former (fair)" = T3Former model, our 10-seed protocol
      "T3Former (paper)" = T3Former paper reported (single seed=42)

Saved -> /nas/ckgfs/jaunts/jahin/TCBG_fair_eval/results/t3former_fair/fair_comparison.json
