/nas/home/jahin/.local/lib/python3.10/site-packages/requests/__init__.py:113: RequestsDependencyWarning: urllib3 (1.26.5) or chardet (7.2.0)/charset_normalizer (3.4.4) doesn't match a supported version!
  warnings.warn(
Device: cuda | Seeds: [0, 1, 2, 3, 4]
Variants (14): ['full', 'no_global', 'no_jk', 'no_curvature', 'no_global_no_jk', 'k_grid_3', 'k_grid_10', 'h0_only', 'h1_only', 'gin_1layer', 'gin_2layers', 'gin_4layers', 'no_label_smooth', 'no_scheduler']


=================================================================
DATASET: FACEBOOK
=================================================================
Classes: 2 | Best params: {'lr': 0.001, 'gin_dropout': 0.3, 'gin_hidden': 64}
  Full TCBG                             70.31% ± 1.90%  (8.1m)
  w/o Global Features                   56.92% ± 0.66%  (4.9m)
  w/o JK-Max                            67.02% ± 1.15%  (5.5m)
    [cache miss] Building K=1 hom_dim=[0, 1] for facebook...
  w/o Curvature κ (K=1)                 74.25% ± 0.36%  (18.3m)
  w/o Global + JK-Max                   55.88% ± 1.10%  (5.5m)
    [cache miss] Building K=3 hom_dim=[0, 1] for facebook...
  K_grid=3 (near 1D)                    68.94% ± 1.59%  (8.7m)
    [cache miss] Building K=10 hom_dim=[0, 1] for facebook...
  K_grid=10 (half)                      68.08% ± 1.85%  (7.6m)
    [cache miss] Building K=20 hom_dim=[0] for facebook...
  H0 only (components)                  65.03% ± 2.49%  (5.8m)
    [cache miss] Building K=20 hom_dim=[1] for facebook...
  H1 only (loops)                       78.07% ± 0.64%  (21.7m)
  GIN depth=1                           70.47% ± 2.63%  (3.9m)
  GIN depth=2                           70.99% ± 1.35%  (6.0m)
  GIN depth=4                           70.89% ± 2.21%  (8.8m)
  No label smoothing                    70.01% ± 2.22%  (6.4m)
  No LR scheduler                       72.86% ± 1.53%  (8.1m)
  Saved → ../results/tcbg_ablation/ablation_facebook.json


==========================================================================================
                                     ABLATION SUMMARY                                     
==========================================================================================
Variant                               facebook
----------------------------------------------

── Group 1: Core components ──
  Full TCBG                            70.31%
  w/o Global Features                  56.92%
  w/o JK-Max                           67.02%
  w/o Curvature κ (K=1)                74.25%
  w/o Global + JK-Max                  55.88%

── Group 2: Curvature resolution ──
  K_grid=3 (near 1D)                   68.94%
  K_grid=10 (half)                     68.08%

── Group 3: Homology dim ──
  H0 only (components)                 65.03%
  H1 only (loops)                      78.07%

── Group 4: GIN depth ──
  GIN depth=1                          70.47%
  GIN depth=2                          70.99%
  GIN depth=4                          70.89%

── Group 5: Training ──
  No label smoothing                   70.01%
  No LR scheduler                      72.86%

Ablation summary → ../results/tcbg_ablation/ablation_summary.json
