/nas/home/jahin/.local/lib/python3.10/site-packages/requests/__init__.py:113: RequestsDependencyWarning: urllib3 (1.26.5) or chardet (7.2.0)/charset_normalizer (3.4.4) doesn't match a supported version!
  warnings.warn(
Device: cuda

--- INFECTIOUS ---
  Preprocessing: 7.6s total (0.0379s/graph)
  Params:        9,893
  Train (5-fold):24.3s  (64 avg epochs/fold)
  Inference:     0.1706 ms/graph
  Peak GPU:      55.2 MB
--- DBLP ---
  Preprocessing: 24.8s total (0.0329s/graph)
  Params:        36,165
  Train (5-fold):117.8s  (97 avg epochs/fold)
  Inference:     0.1326 ms/graph
  Peak GPU:      84.1 MB
--- TUMBLR ---
  Preprocessing: 12.2s total (0.0328s/graph)
  Params:        137,861
  Train (5-fold):40.6s  (50 avg epochs/fold)
  Inference:     0.1454 ms/graph
  Peak GPU:      188.8 MB
--- MIT ---
  Preprocessing: 3.4s total (0.0354s/graph)
  Params:        36,165
  Train (5-fold):14.5s  (63 avg epochs/fold)
  Inference:     0.2676 ms/graph
  Peak GPU:      70.2 MB
--- HIGHSCHOOL ---
  Preprocessing: 7.2s total (0.0402s/graph)
  Params:        36,165
  Train (5-fold):19.0s  (45 avg epochs/fold)
  Inference:     0.1879 ms/graph
  Peak GPU:      104.7 MB


=====================================================================================
                   RUNTIME TABLE (matches T3Former Table 7 format)                   
=====================================================================================
Dataset        Graphs     Params   Preproc(s)   Train(s)   Infer(ms/g)   GPU(MB)
-------------------------------------------------------------------------------------
infectious        200      9,893          7.6       24.3        0.1706      55.2
dblp              755     36,165         24.8      117.8        0.1326      84.1
tumblr            373    137,861         12.2       40.6        0.1454     188.8
mit                97     36,165          3.4       14.5        0.2676      70.2
highschool        180     36,165          7.2       19.0        0.1879     104.7

Saved to ../results/tcbg_runtime/runtime_results.json
