/nas/home/jahin/.local/lib/python3.10/site-packages/requests/__init__.py:113: RequestsDependencyWarning: urllib3 (1.26.5) or chardet (7.2.0)/charset_normalizer (3.4.4) doesn't match a supported version!
  warnings.warn(
Device: cuda | Seeds: [0, 1, 2]
Params: ['T_grid', 'K_grid', 'min_persistence', 'gin_layers', 'gin_hidden', 'dropout', 'lr', 'weight_decay', 'label_smoothing']


=================================================================
PARAMETER: T_grid  values=[10, 15, 20, 25, 30, 35, 40]  datasets=['dblp', 'infectious']
=================================================================
  dblp          T_grid=10        => 93.29% ± 0.50%  (5.8m)
  dblp          T_grid=15        => 92.45% ± 1.08%  (4.5m)
  dblp          T_grid=20        => 92.45% ± 0.50%  (6.1m)
  dblp          T_grid=25        => 92.45% ± 1.07%  (6.6m)
  dblp          T_grid=30        => 94.26% ± 0.66%  (5.9m)
  dblp          T_grid=35        => 92.54% ± 0.92%  (5.6m)
  dblp          T_grid=40        => 92.23% ± 0.35%  (5.4m)
  infectious    T_grid=10        => 76.00% ± 1.87%  (1.1m)
  infectious    T_grid=15        => 72.17% ± 1.25%  (1.2m)
  infectious    T_grid=20        => 73.67% ± 1.31%  (1.1m)
  infectious    T_grid=25        => 72.00% ± 4.02%  (1.0m)
  infectious    T_grid=30        => 69.00% ± 2.55%  (0.9m)
  infectious    T_grid=35        => 75.00% ± 2.27%  (1.2m)
  infectious    T_grid=40        => 73.00% ± 2.83%  (1.2m)
  → ../results/tcbg_sensitivity/sensitivity_T_grid.json

=================================================================
PARAMETER: K_grid  values=[1, 5, 10, 15, 20, 25, 30]  datasets=['dblp', 'infectious']
=================================================================
  dblp          K_grid=1         => 92.45% ± 0.22%  (3.6m)
  dblp          K_grid=5         => 92.05% ± 0.47%  (5.5m)
  dblp          K_grid=10        => 91.83% ± 0.12%  (4.7m)
  dblp          K_grid=15        => 91.39% ± 0.11%  (5.4m)
  dblp          K_grid=20        => 93.77% ± 0.57%  (5.6m)
  dblp          K_grid=25        => 92.45% ± 0.50%  (5.3m)
  dblp          K_grid=30        => 91.88% ± 0.49%  (5.5m)
  infectious    K_grid=1         => 79.17% ± 2.05%  (0.9m)
  infectious    K_grid=5         => 74.50% ± 1.47%  (1.0m)
  infectious    K_grid=10        => 70.00% ± 4.90%  (1.0m)
  infectious    K_grid=15        => 75.50% ± 3.24%  (1.1m)
  infectious    K_grid=20        => 74.50% ± 1.41%  (1.0m)
  infectious    K_grid=25        => 72.00% ± 3.63%  (1.1m)
  infectious    K_grid=30        => 75.67% ± 1.18%  (1.3m)
  → ../results/tcbg_sensitivity/sensitivity_K_grid.json

=================================================================
PARAMETER: min_persistence  values=[0.0, 0.01, 0.03, 0.05, 0.07, 0.1, 0.15]  datasets=['dblp', 'infectious']
=================================================================
  dblp          min_persistence=0.0       => 92.10% ± 0.38%  (6.6m)
  dblp          min_persistence=0.01      => 91.96% ± 0.66%  (5.2m)
  dblp          min_persistence=0.03      => 92.54% ± 0.41%  (5.9m)
  dblp          min_persistence=0.05      => 93.73% ± 0.27%  (6.1m)
  dblp          min_persistence=0.07      => 92.58% ± 1.14%  (5.9m)
  dblp          min_persistence=0.1       => 93.07% ± 0.54%  (6.3m)
  dblp          min_persistence=0.15      => 92.05% ± 0.22%  (5.6m)
  infectious    min_persistence=0.0       => 77.33% ± 2.05%  (1.2m)
  infectious    min_persistence=0.01      => 74.67% ± 0.62%  (1.4m)
  infectious    min_persistence=0.03      => 72.00% ± 1.08%  (1.1m)
  infectious    min_persistence=0.05      => 69.33% ± 1.65%  (0.9m)
  infectious    min_persistence=0.07      => 70.17% ± 1.31%  (1.0m)
  infectious    min_persistence=0.1       => 68.83% ± 2.25%  (0.9m)
  infectious    min_persistence=0.15      => 72.17% ± 3.92%  (1.1m)
  → ../results/tcbg_sensitivity/sensitivity_min_persistence.json

=================================================================
PARAMETER: gin_layers  values=[1, 2, 3, 4, 5]  datasets=['infectious', 'dblp', 'tumblr', 'mit', 'highschool']
=================================================================
  infectious    gin_layers=1         => 74.50% ± 1.47%  (0.6m)
  infectious    gin_layers=2         => 71.50% ± 3.56%  (0.7m)
  infectious    gin_layers=3         => 69.33% ± 3.01%  (0.8m)
  infectious    gin_layers=4         => 70.00% ± 0.41%  (1.2m)
  infectious    gin_layers=5         => 67.00% ± 0.41%  (1.1m)
  dblp          gin_layers=1         => 93.47% ± 0.38%  (3.3m)
  dblp          gin_layers=2         => 93.82% ± 0.17%  (4.1m)
  dblp          gin_layers=3         => 93.55% ± 0.44%  (5.7m)
  dblp          gin_layers=4         => 93.11% ± 0.66%  (6.1m)
  dblp          gin_layers=5         => 93.64% ± 1.14%  (6.9m)
  tumblr        gin_layers=1         => 58.10% ± 0.64%  (0.7m)
  tumblr        gin_layers=2         => 58.16% ± 2.85%  (1.0m)
  tumblr        gin_layers=3         => 57.38% ± 2.30%  (1.5m)
  tumblr        gin_layers=4         => 55.94% ± 2.05%  (2.2m)
  tumblr        gin_layers=5         => 57.10% ± 0.44%  (2.6m)
  mit           gin_layers=1         => 70.79% ± 1.04%  (0.3m)
  mit           gin_layers=2         => 69.02% ± 3.35%  (0.4m)
  mit           gin_layers=3         => 70.46% ± 4.44%  (0.4m)
  mit           gin_layers=4         => 74.60% ± 2.50%  (0.7m)
  mit           gin_layers=5         => 71.89% ± 8.46%  (0.8m)
  highschool    gin_layers=1         => 63.52% ± 2.28%  (0.5m)
  highschool    gin_layers=2         => 61.48% ± 3.46%  (0.5m)
  highschool    gin_layers=3         => 63.33% ± 1.81%  (0.8m)
  highschool    gin_layers=4         => 61.48% ± 1.72%  (1.1m)
  highschool    gin_layers=5         => 61.11% ± 1.81%  (1.3m)
  → ../results/tcbg_sensitivity/sensitivity_gin_layers.json

=================================================================
PARAMETER: gin_hidden  values=[16, 32, 64, 128, 256]  datasets=['infectious', 'dblp', 'tumblr', 'mit', 'highschool']
=================================================================
  infectious    gin_hidden=16        => 72.33% ± 2.09%  (1.1m)
  infectious    gin_hidden=32        => 71.50% ± 2.16%  (0.8m)
  infectious    gin_hidden=64        => 68.67% ± 2.46%  (0.6m)
  infectious    gin_hidden=128       => 67.00% ± 4.26%  (0.9m)
  infectious    gin_hidden=256       => 68.50% ± 1.47%  (0.9m)
  dblp          gin_hidden=16        => 93.47% ± 0.25%  (5.7m)
  dblp          gin_hidden=32        => 93.47% ± 0.50%  (5.5m)
  dblp          gin_hidden=64        => 93.69% ± 0.54%  (5.7m)
  dblp          gin_hidden=128       => 93.25% ± 0.37%  (6.6m)
  dblp          gin_hidden=256       => 93.16% ± 1.22%  (6.9m)
  tumblr        gin_hidden=16        => 59.15% ± 1.02%  (1.6m)
  tumblr        gin_hidden=32        => 55.68% ± 0.32%  (1.6m)
  tumblr        gin_hidden=64        => 56.20% ± 2.61%  (1.5m)
  tumblr        gin_hidden=128       => 57.37% ± 1.86%  (1.9m)
  tumblr        gin_hidden=256       => 56.45% ± 1.20%  (2.0m)
  mit           gin_hidden=16        => 68.12% ± 6.01%  (0.6m)
  mit           gin_hidden=32        => 74.23% ± 2.95%  (0.7m)
  mit           gin_hidden=64        => 71.51% ± 4.28%  (0.7m)
  mit           gin_hidden=128       => 71.53% ± 3.51%  (0.7m)
  mit           gin_hidden=256       => 69.47% ± 1.29%  (0.7m)
  highschool    gin_hidden=16        => 62.04% ± 4.85%  (1.2m)
  highschool    gin_hidden=32        => 60.00% ± 0.45%  (1.2m)
  highschool    gin_hidden=64        => 58.89% ± 2.97%  (1.0m)
  highschool    gin_hidden=128       => 57.96% ± 1.72%  (1.0m)
  highschool    gin_hidden=256       => 62.41% ± 2.05%  (1.1m)
  → ../results/tcbg_sensitivity/sensitivity_gin_hidden.json

=================================================================
PARAMETER: dropout  values=[0.0, 0.1, 0.2, 0.3, 0.5]  datasets=['infectious', 'dblp', 'tumblr', 'mit', 'highschool']
=================================================================
  infectious    dropout=0.0       => 71.83% ± 0.94%  (1.0m)
  infectious    dropout=0.1       => 69.50% ± 2.04%  (1.0m)
  infectious    dropout=0.2       => 72.33% ± 0.47%  (0.9m)
  infectious    dropout=0.3       => 70.17% ± 4.94%  (1.0m)
  infectious    dropout=0.5       => 69.17% ± 0.94%  (1.1m)
  dblp          dropout=0.0       => 94.08% ± 0.51%  (5.8m)
  dblp          dropout=0.1       => 93.29% ± 0.33%  (5.1m)
  dblp          dropout=0.2       => 91.66% ± 0.37%  (4.5m)
  dblp          dropout=0.3       => 87.95% ± 2.36%  (3.1m)
  dblp          dropout=0.5       => 82.96% ± 5.75%  (3.8m)
  tumblr        dropout=0.0       => 57.45% ± 0.77%  (1.6m)
  tumblr        dropout=0.1       => 58.26% ± 1.29%  (1.6m)
  tumblr        dropout=0.2       => 57.45% ± 2.06%  (1.7m)
  tumblr        dropout=0.3       => 56.82% ± 3.22%  (1.6m)
  tumblr        dropout=0.5       => 56.47% ± 4.73%  (1.4m)
  mit           dropout=0.0       => 67.37% ± 2.42%  (0.7m)
  mit           dropout=0.1       => 72.61% ± 3.06%  (0.5m)
  mit           dropout=0.2       => 68.75% ± 4.78%  (0.5m)
  mit           dropout=0.3       => 71.88% ± 5.09%  (0.6m)
  mit           dropout=0.5       => 71.75% ± 3.48%  (0.5m)
  highschool    dropout=0.0       => 60.93% ± 2.50%  (0.7m)
  highschool    dropout=0.1       => 60.56% ± 0.45%  (0.9m)
  highschool    dropout=0.2       => 63.89% ± 0.45%  (0.7m)
  highschool    dropout=0.3       => 62.78% ± 2.08%  (0.9m)
  highschool    dropout=0.5       => 59.26% ± 3.02%  (0.8m)
  → ../results/tcbg_sensitivity/sensitivity_dropout.json

=================================================================
PARAMETER: lr  values=[0.01, 0.005, 0.001, 0.0005, 0.0001]  datasets=['infectious', 'dblp', 'tumblr', 'mit', 'highschool']
=================================================================
  infectious    lr=0.01      => 71.83% ± 0.47%  (1.0m)
  infectious    lr=0.005     => 67.33% ± 1.84%  (0.7m)
  infectious    lr=0.001     => 66.83% ± 1.55%  (0.9m)
  infectious    lr=0.0005    => 67.50% ± 3.24%  (1.1m)
  infectious    lr=0.0001    => 65.67% ± 0.62%  (1.4m)
  dblp          lr=0.01      => 93.55% ± 0.41%  (6.3m)
  dblp          lr=0.005     => 93.77% ± 0.68%  (5.3m)
  dblp          lr=0.001     => 93.25% ± 0.22%  (6.4m)
  dblp          lr=0.0005    => 92.10% ± 0.12%  (6.3m)
  dblp          lr=0.0001    => 87.99% ± 0.44%  (7.2m)
  tumblr        lr=0.01      => 57.90% ± 0.60%  (1.6m)
  tumblr        lr=0.005     => 57.46% ± 2.73%  (1.2m)
  tumblr        lr=0.001     => 57.28% ± 0.35%  (1.3m)
  tumblr        lr=0.0005    => 55.93% ± 1.99%  (1.1m)
  tumblr        lr=0.0001    => 57.63% ± 1.38%  (1.4m)
  mit           lr=0.01      => 68.07% ± 3.31%  (0.6m)
  mit           lr=0.005     => 73.56% ± 4.95%  (0.6m)
  mit           lr=0.001     => 57.86% ± 4.75%  (0.4m)
  mit           lr=0.0005    => 64.72% ± 5.10%  (0.5m)
  mit           lr=0.0001    => 62.26% ± 3.37%  (0.7m)
  highschool    lr=0.01      => 62.96% ± 1.14%  (0.8m)
  highschool    lr=0.005     => 61.85% ± 4.19%  (0.8m)
  highschool    lr=0.001     => 56.67% ± 1.57%  (0.7m)
  highschool    lr=0.0005    => 53.52% ± 2.33%  (0.8m)
  highschool    lr=0.0001    => 52.96% ± 1.83%  (0.9m)
  → ../results/tcbg_sensitivity/sensitivity_lr.json

=================================================================
PARAMETER: weight_decay  values=[0.0, 1e-05, 0.0001, 0.001]  datasets=['infectious', 'dblp', 'tumblr', 'mit', 'highschool']
=================================================================
  infectious    weight_decay=0.0       => 69.17% ± 4.77%  (0.7m)
  infectious    weight_decay=1e-05     => 72.00% ± 1.08%  (0.7m)
  infectious    weight_decay=0.0001    => 70.00% ± 1.08%  (0.7m)
  infectious    weight_decay=0.001     => 71.83% ± 2.09%  (0.7m)
  dblp          weight_decay=0.0       => 93.55% ± 0.54%  (4.4m)
  dblp          weight_decay=1e-05     => 93.51% ± 0.60%  (5.1m)
  dblp          weight_decay=0.0001    => 92.76% ± 0.87%  (4.6m)
  dblp          weight_decay=0.001     => 93.86% ± 0.17%  (4.9m)
  tumblr        weight_decay=0.0       => 56.20% ± 0.32%  (1.3m)
  tumblr        weight_decay=1e-05     => 56.57% ± 2.49%  (1.4m)
  tumblr        weight_decay=0.0001    => 56.55% ± 1.16%  (1.4m)
  tumblr        weight_decay=0.001     => 57.27% ± 0.69%  (1.4m)
  mit           weight_decay=0.0       => 72.75% ± 2.93%  (0.6m)
  mit           weight_decay=1e-05     => 70.46% ± 5.96%  (0.4m)
  mit           weight_decay=0.0001    => 68.30% ± 6.23%  (0.4m)
  mit           weight_decay=0.001     => 69.07% ± 2.37%  (0.5m)
  highschool    weight_decay=0.0       => 61.30% ± 1.72%  (0.8m)
  highschool    weight_decay=1e-05     => 59.81% ± 2.50%  (0.7m)
  highschool    weight_decay=0.0001    => 59.07% ± 1.72%  (0.7m)
  highschool    weight_decay=0.001     => 60.93% ± 1.72%  (0.8m)
  → ../results/tcbg_sensitivity/sensitivity_weight_decay.json

=================================================================
PARAMETER: label_smoothing  values=[0.0, 0.05, 0.1, 0.15, 0.2]  datasets=['infectious', 'dblp', 'tumblr', 'mit', 'highschool']
=================================================================
  infectious    label_smoothing=0.0       => 71.50% ± 2.86%  (0.7m)
  infectious    label_smoothing=0.05      => 69.17% ± 2.95%  (0.8m)
  infectious    label_smoothing=0.1       => 70.83% ± 2.32%  (0.8m)
  infectious    label_smoothing=0.15      => 72.83% ± 1.93%  (0.8m)
  infectious    label_smoothing=0.2       => 69.00% ± 2.94%  (0.7m)
  dblp          label_smoothing=0.0       => 93.16% ± 0.61%  (3.8m)
  dblp          label_smoothing=0.05      => 93.20% ± 0.54%  (4.8m)
  dblp          label_smoothing=0.1       => 93.69% ± 0.12%  (4.7m)
  dblp          label_smoothing=0.15      => 93.42% ± 0.33%  (5.4m)
  dblp          label_smoothing=0.2       => 93.86% ± 0.70%  (6.5m)
  tumblr        label_smoothing=0.0       => 57.00% ± 0.83%  (1.4m)
  tumblr        label_smoothing=0.05      => 57.20% ± 1.74%  (1.6m)
  tumblr        label_smoothing=0.1       => 56.74% ± 0.46%  (1.5m)
  tumblr        label_smoothing=0.15      => 55.48% ± 1.87%  (1.5m)
  tumblr        label_smoothing=0.2       => 58.28% ± 2.09%  (1.8m)
  mit           label_smoothing=0.0       => 73.88% ± 6.39%  (0.5m)
  mit           label_smoothing=0.05      => 72.79% ± 4.95%  (0.6m)
  mit           label_smoothing=0.1       => 70.09% ± 2.52%  (0.5m)
  mit           label_smoothing=0.15      => 72.09% ± 4.48%  (0.5m)
  mit           label_smoothing=0.2       => 67.39% ± 7.73%  (0.5m)
  highschool    label_smoothing=0.0       => 60.19% ± 3.34%  (0.8m)
  highschool    label_smoothing=0.05      => 60.19% ± 2.05%  (1.0m)
  highschool    label_smoothing=0.1       => 62.04% ± 0.52%  (0.8m)
  highschool    label_smoothing=0.15      => 62.41% ± 2.58%  (0.8m)
  highschool    label_smoothing=0.2       => 59.26% ± 2.58%  (0.9m)
  → ../results/tcbg_sensitivity/sensitivity_label_smoothing.json

Sensitivity summary → ../results/tcbg_sensitivity/sensitivity_summary.json
