/nas/home/jahin/.local/lib/python3.10/site-packages/requests/__init__.py:113: RequestsDependencyWarning: urllib3 (1.26.5) or chardet (7.2.0)/charset_normalizer (3.4.4) doesn't match a supported version!
  warnings.warn(
Device: cuda | Seeds: [0, 1, 2, 3, 4]
Variants (14): ['full', 'no_global', 'no_jk', 'no_curvature', 'no_global_no_jk', 'k_grid_3', 'k_grid_10', 'h0_only', 'h1_only', 'gin_1layer', 'gin_2layers', 'gin_4layers', 'no_label_smooth', 'no_scheduler']


=================================================================
DATASET: INFECTIOUS
=================================================================
Classes: 2 | Best params: {'lr': 0.005, 'gin_dropout': 0.0, 'gin_hidden': 32}
  Full TCBG                             69.20% ± 2.89%  (1.5m)
  w/o Global Features                   65.50% ± 2.41%  (1.3m)
  w/o JK-Max                            73.20% ± 1.60%  (1.7m)
  w/o Curvature κ (K=1)                 78.80% ± 1.03%  (1.5m)
  w/o Global + JK-Max                   68.60% ± 1.88%  (1.4m)
  K_grid=3 (near 1D)                    74.80% ± 2.54%  (1.5m)
  K_grid=10 (half)                      71.50% ± 4.23%  (1.1m)
  H0 only (components)                  71.80% ± 3.34%  (1.5m)
  H1 only (loops)                       70.20% ± 3.08%  (2.1m)
  GIN depth=1                           72.80% ± 1.44%  (1.0m)
  GIN depth=2                           70.30% ± 0.68%  (1.2m)
  GIN depth=4                           70.00% ± 1.64%  (2.0m)
  No label smoothing                    72.50% ± 2.39%  (1.4m)
  No LR scheduler                       69.40% ± 1.20%  (1.4m)
  Saved → ../results/tcbg_ablation/ablation_infectious.json

=================================================================
DATASET: DBLP
=================================================================
Classes: 2 | Best params: {'lr': 0.005, 'gin_dropout': 0.0, 'gin_hidden': 64}
  Full TCBG                             93.30% ± 0.67%  (8.8m)
  w/o Global Features                   88.69% ± 0.56%  (7.8m)
  w/o JK-Max                            93.99% ± 0.20%  (10.2m)
  w/o Curvature κ (K=1)                 92.00% ± 0.36%  (6.7m)
  w/o Global + JK-Max                   88.66% ± 0.55%  (8.1m)
  K_grid=3 (near 1D)                    93.35% ± 0.45%  (9.1m)
  K_grid=10 (half)                      92.13% ± 0.48%  (7.3m)
  H0 only (components)                  92.53% ± 0.51%  (8.0m)
  H1 only (loops)                       90.07% ± 0.40%  (8.8m)
  GIN depth=1                           93.85% ± 0.25%  (5.5m)
  GIN depth=2                           93.70% ± 0.59%  (7.6m)
  GIN depth=4                           93.40% ± 0.68%  (10.1m)
  No label smoothing                    93.43% ± 0.34%  (6.9m)
  No LR scheduler                       93.22% ± 0.47%  (7.4m)
  Saved → ../results/tcbg_ablation/ablation_dblp.json

=================================================================
DATASET: TUMBLR
=================================================================
Classes: 2 | Best params: {'lr': 0.01, 'gin_dropout': 0.3, 'gin_hidden': 128}
  Full TCBG                             56.94% ± 1.27%  (2.0m)
  w/o Global Features                   56.24% ± 1.58%  (3.1m)
  w/o JK-Max                            54.96% ± 1.55%  (2.6m)
  w/o Curvature κ (K=1)                 60.06% ± 1.30%  (2.2m)
  w/o Global + JK-Max                   52.75% ± 1.25%  (2.2m)
  K_grid=3 (near 1D)                    59.89% ± 3.52%  (3.0m)
  K_grid=10 (half)                      56.84% ± 2.65%  (2.5m)
  H0 only (components)                  56.26% ± 1.62%  (2.7m)
  H1 only (loops)                       58.24% ± 2.55%  (2.7m)
  GIN depth=1                           58.70% ± 2.66%  (1.3m)
  GIN depth=2                           57.37% ± 0.51%  (2.0m)
  GIN depth=4                           57.69% ± 1.47%  (3.1m)
  No label smoothing                    56.14% ± 1.14%  (2.5m)
  No LR scheduler                       58.13% ± 1.47%  (2.9m)
  Saved → ../results/tcbg_ablation/ablation_tumblr.json

=================================================================
DATASET: MIT
=================================================================
Classes: 2 | Best params: {'lr': 0.01, 'gin_dropout': 0.3, 'gin_hidden': 64}
  Full TCBG                             69.68% ± 4.18%  (1.0m)
  w/o Global Features                   69.25% ± 3.16%  (0.9m)
  w/o JK-Max                            69.66% ± 6.27%  (0.7m)
  w/o Curvature κ (K=1)                 65.41% ± 2.63%  (0.9m)
  w/o Global + JK-Max                   69.61% ± 3.74%  (0.7m)
  K_grid=3 (near 1D)                    70.48% ± 3.90%  (0.5m)
  K_grid=10 (half)                      60.64% ± 3.40%  (0.6m)
  H0 only (components)                  66.20% ± 4.11%  (0.8m)
  H1 only (loops)                       66.07% ± 2.64%  (1.1m)
  GIN depth=1                           67.39% ± 8.14%  (0.5m)
  GIN depth=2                           71.12% ± 4.15%  (0.6m)
  GIN depth=4                           71.89% ± 1.94%  (0.9m)
  No label smoothing                    67.19% ± 5.65%  (0.6m)
  No LR scheduler                       67.58% ± 4.26%  (0.6m)
  Saved → ../results/tcbg_ablation/ablation_mit.json

=================================================================
DATASET: HIGHSCHOOL
=================================================================
Classes: 2 | Best params: {'lr': 0.01, 'gin_dropout': 0.5, 'gin_hidden': 64}
  Full TCBG                             60.67% ± 1.77%  (1.7m)
  w/o Global Features                   60.00% ± 2.43%  (1.6m)
  w/o JK-Max                            61.11% ± 4.55%  (1.6m)
  w/o Curvature κ (K=1)                 55.89% ± 3.19%  (1.1m)
  w/o Global + JK-Max                   60.33% ± 4.02%  (1.6m)
  K_grid=3 (near 1D)                    64.33% ± 3.19%  (0.8m)
  K_grid=10 (half)                      58.89% ± 4.33%  (1.3m)
  H0 only (components)                  63.78% ± 2.44%  (1.1m)
  H1 only (loops)                       65.11% ± 3.17%  (1.3m)
  GIN depth=1                           64.33% ± 2.06%  (0.8m)
  GIN depth=2                           61.78% ± 3.17%  (1.1m)
  GIN depth=4                           63.11% ± 0.83%  (2.0m)
  No label smoothing                    61.11% ± 2.96%  (1.5m)
  No LR scheduler                       62.33% ± 2.12%  (1.7m)
  Saved → ../results/tcbg_ablation/ablation_highschool.json


==========================================================================================
                                     ABLATION SUMMARY                                     
==========================================================================================
Variant                             infectious       dblp     tumblr        mit highschool
------------------------------------------------------------------------------------------

── Group 1: Core components ──
  Full TCBG                            69.20%    93.30%    56.94%    69.68%    60.67%
  w/o Global Features                  65.50%    88.69%    56.24%    69.25%    60.00%
  w/o JK-Max                           73.20%    93.99%    54.96%    69.66%    61.11%
  w/o Curvature κ (K=1)                78.80%    92.00%    60.06%    65.41%    55.89%
  w/o Global + JK-Max                  68.60%    88.66%    52.75%    69.61%    60.33%

── Group 2: Curvature resolution ──
  K_grid=3 (near 1D)                   74.80%    93.35%    59.89%    70.48%    64.33%
  K_grid=10 (half)                     71.50%    92.13%    56.84%    60.64%    58.89%

── Group 3: Homology dim ──
  H0 only (components)                 71.80%    92.53%    56.26%    66.20%    63.78%
  H1 only (loops)                      70.20%    90.07%    58.24%    66.07%    65.11%

── Group 4: GIN depth ──
  GIN depth=1                          72.80%    93.85%    58.70%    67.39%    64.33%
  GIN depth=2                          70.30%    93.70%    57.37%    71.12%    61.78%
  GIN depth=4                          70.00%    93.40%    57.69%    71.89%    63.11%

── Group 5: Training ──
  No label smoothing                   72.50%    93.43%    56.14%    67.19%    61.11%
  No LR scheduler                      69.40%    93.22%    58.13%    67.58%    62.33%

Ablation summary → ../results/tcbg_ablation/ablation_summary.json
