/nas/home/jahin/.local/lib/python3.10/site-packages/requests/__init__.py:113: RequestsDependencyWarning: urllib3 (1.26.5) or chardet (7.2.0)/charset_normalizer (3.4.4) doesn't match a supported version!
  warnings.warn(
Device: cuda | Seeds: [0, 1, 2]
Params: ['T_grid', 'K_grid', 'min_persistence', 'gin_layers', 'gin_hidden', 'dropout', 'lr', 'weight_decay', 'label_smoothing']


=================================================================
PARAMETER: T_grid  values=[10, 15, 20, 25, 30, 35, 40]  datasets=['dblp', 'infectious']
=================================================================
  dblp          T_grid=10        => 93.25% ± 0.39%  (6.4m)
  dblp          T_grid=15        => 91.92% ± 0.29%  (5.4m)
  dblp          T_grid=20        => 92.27% ± 0.45%  (5.5m)
  dblp          T_grid=25        => 92.89% ± 0.87%  (6.6m)
  dblp          T_grid=30        => 94.26% ± 0.23%  (6.4m)
  dblp          T_grid=35        => 92.10% ± 1.05%  (6.2m)
  dblp          T_grid=40        => 92.32% ± 0.54%  (6.1m)
  infectious    T_grid=10        => 77.00% ± 4.64%  (1.2m)
  infectious    T_grid=15        => 77.33% ± 2.32%  (1.3m)
  infectious    T_grid=20        => 75.67% ± 3.66%  (1.3m)
  infectious    T_grid=25        => 73.33% ± 2.05%  (1.0m)
  infectious    T_grid=30        => 70.33% ± 1.65%  (1.0m)
  infectious    T_grid=35        => 74.00% ± 1.47%  (1.3m)
  infectious    T_grid=40        => 71.67% ± 1.55%  (1.4m)
  → ./results/sensitivity/sensitivity_T_grid.json

=================================================================
PARAMETER: K_grid  values=[1, 5, 10, 15, 20, 25, 30]  datasets=['dblp', 'infectious']
=================================================================
  dblp          K_grid=1         => 91.52% ± 0.60%  (3.6m)
  dblp          K_grid=5         => 92.41% ± 0.44%  (5.9m)
  dblp          K_grid=10        => 92.23% ± 0.27%  (5.6m)
  dblp          K_grid=15        => 92.72% ± 0.50%  (5.4m)
  dblp          K_grid=20        => 93.51% ± 0.11%  (6.0m)
  dblp          K_grid=25        => 91.35% ± 0.35%  (5.7m)
  dblp          K_grid=30        => 92.23% ± 0.33%  (6.5m)
  infectious    K_grid=1         => 80.50% ± 2.86%  (0.9m)
  infectious    K_grid=5         => 71.17% ± 5.04%  (0.8m)
  infectious    K_grid=10        => 72.00% ± 2.16%  (1.0m)
  infectious    K_grid=15        => 73.50% ± 4.71%  (1.1m)
  infectious    K_grid=20        => 71.33% ± 0.47%  (1.0m)
  infectious    K_grid=25        => 70.67% ± 3.40%  (1.3m)
  infectious    K_grid=30        => 72.50% ± 3.08%  (1.3m)
  → ./results/sensitivity/sensitivity_K_grid.json

=================================================================
PARAMETER: min_persistence  values=[0.0, 0.01, 0.03, 0.05, 0.07, 0.1, 0.15]  datasets=['dblp', 'infectious']
=================================================================
  dblp          min_persistence=0.0       => 92.14% ± 0.84%  (6.5m)
  dblp          min_persistence=0.01      => 92.63% ± 0.12%  (5.9m)
  dblp          min_persistence=0.03      => 92.27% ± 0.38%  (6.2m)
  dblp          min_persistence=0.05      => 94.08% ± 0.35%  (5.4m)
  dblp          min_persistence=0.07      => 92.98% ± 0.68%  (6.8m)
  dblp          min_persistence=0.1       => 92.41% ± 0.61%  (6.6m)
  dblp          min_persistence=0.15      => 91.70% ± 0.12%  (6.6m)
  infectious    min_persistence=0.0       => 77.17% ± 2.25%  (1.4m)
  infectious    min_persistence=0.01      => 74.83% ± 0.62%  (1.4m)
  infectious    min_persistence=0.03      => 75.33% ± 1.31%  (1.2m)
  infectious    min_persistence=0.05      => 71.00% ± 2.86%  (1.0m)
  infectious    min_persistence=0.07      => 71.50% ± 1.08%  (1.3m)
  infectious    min_persistence=0.1       => 68.67% ± 2.46%  (1.1m)
  infectious    min_persistence=0.15      => 74.33% ± 1.93%  (1.3m)
  → ./results/sensitivity/sensitivity_min_persistence.json

=================================================================
PARAMETER: gin_layers  values=[1, 2, 3, 4, 5]  datasets=['infectious', 'dblp', 'tumblr', 'mit', 'highschool']
=================================================================
  infectious    gin_layers=1         => 72.83% ± 0.85%  (0.6m)
  infectious    gin_layers=2         => 71.67% ± 0.94%  (0.7m)
  infectious    gin_layers=3         => 69.67% ± 0.47%  (1.0m)
  infectious    gin_layers=4         => 71.00% ± 1.87%  (1.1m)
  infectious    gin_layers=5         => 69.33% ± 1.65%  (1.2m)
  dblp          gin_layers=1         => 93.73% ± 0.12%  (3.5m)
  dblp          gin_layers=2         => 93.95% ± 0.76%  (5.3m)
  dblp          gin_layers=3         => 93.60% ± 0.33%  (6.7m)
  dblp          gin_layers=4         => 92.85% ± 0.47%  (7.3m)
  dblp          gin_layers=5         => 92.76% ± 0.17%  (8.8m)
  tumblr        gin_layers=1         => 59.85% ± 1.21%  (0.9m)
  tumblr        gin_layers=2         => 54.95% ± 3.11%  (1.1m)
  tumblr        gin_layers=3         => 58.08% ± 2.22%  (1.9m)
  tumblr        gin_layers=4         => 56.03% ± 0.67%  (2.2m)
  tumblr        gin_layers=5         => 58.00% ± 2.57%  (2.2m)
  mit           gin_layers=1         => 65.21% ± 5.36%  (0.2m)
  mit           gin_layers=2         => 70.77% ± 1.36%  (0.4m)
  mit           gin_layers=3         => 69.40% ± 2.64%  (0.6m)
  mit           gin_layers=4         => 71.79% ± 3.31%  (0.8m)
  mit           gin_layers=5         => 74.21% ± 6.10%  (0.9m)
  highschool    gin_layers=1         => 61.48% ± 4.54%  (0.5m)
  highschool    gin_layers=2         => 57.96% ± 2.28%  (0.7m)
  highschool    gin_layers=3         => 62.22% ± 4.54%  (1.0m)
  highschool    gin_layers=4         => 59.44% ± 2.36%  (1.2m)
  highschool    gin_layers=5         => 59.81% ± 3.02%  (1.1m)
  → ./results/sensitivity/sensitivity_gin_layers.json

=================================================================
PARAMETER: gin_hidden  values=[16, 32, 64, 128, 256]  datasets=['infectious', 'dblp', 'tumblr', 'mit', 'highschool']
=================================================================
  infectious    gin_hidden=16        => 71.17% ± 1.31%  (1.1m)
  infectious    gin_hidden=32        => 68.83% ± 2.01%  (1.0m)
  infectious    gin_hidden=64        => 71.67% ± 0.85%  (1.0m)
  infectious    gin_hidden=128       => 67.67% ± 1.31%  (0.6m)
  infectious    gin_hidden=256       => 66.67% ± 1.93%  (0.8m)
  dblp          gin_hidden=16        => 93.16% ± 0.51%  (5.8m)
  dblp          gin_hidden=32        => 94.00% ± 0.77%  (6.2m)
  dblp          gin_hidden=64        => 93.73% ± 0.44%  (6.4m)
  dblp          gin_hidden=128       => 93.25% ± 0.50%  (6.4m)
  dblp          gin_hidden=256       => 92.80% ± 0.72%  (8.0m)
  tumblr        gin_hidden=16        => 58.97% ± 0.80%  (1.7m)
  tumblr        gin_hidden=32        => 57.72% ± 2.51%  (1.6m)
  tumblr        gin_hidden=64        => 56.30% ± 2.53%  (1.6m)
  tumblr        gin_hidden=128       => 57.18% ± 1.44%  (1.9m)
  tumblr        gin_hidden=256       => 57.46% ± 2.82%  (2.1m)
  mit           gin_hidden=16        => 70.18% ± 3.81%  (0.7m)
  mit           gin_hidden=32        => 71.47% ± 2.75%  (0.8m)
  mit           gin_hidden=64        => 71.42% ± 3.90%  (0.7m)
  mit           gin_hidden=128       => 69.74% ± 1.83%  (0.7m)
  mit           gin_hidden=256       => 70.44% ± 5.21%  (0.8m)
  highschool    gin_hidden=16        => 62.78% ± 3.60%  (1.4m)
  highschool    gin_hidden=32        => 63.70% ± 1.59%  (1.2m)
  highschool    gin_hidden=64        => 62.41% ± 3.02%  (1.1m)
  highschool    gin_hidden=128       => 62.41% ± 0.94%  (1.1m)
  highschool    gin_hidden=256       => 59.07% ± 3.02%  (1.1m)
  → ./results/sensitivity/sensitivity_gin_hidden.json

=================================================================
PARAMETER: dropout  values=[0.0, 0.1, 0.2, 0.3, 0.5]  datasets=['infectious', 'dblp', 'tumblr', 'mit', 'highschool']
=================================================================
  infectious    dropout=0.0       => 70.83% ± 1.65%  (1.1m)
  infectious    dropout=0.1       => 71.00% ± 1.47%  (1.1m)
  infectious    dropout=0.2       => 71.00% ± 3.56%  (1.1m)
  infectious    dropout=0.3       => 70.17% ± 2.46%  (1.2m)
  infectious    dropout=0.5       => 69.33% ± 1.03%  (1.6m)
  dblp          dropout=0.0       => 93.51% ± 0.57%  (6.7m)
  dblp          dropout=0.1       => 93.55% ± 0.50%  (5.8m)
  dblp          dropout=0.2       => 91.43% ± 1.72%  (4.9m)
  dblp          dropout=0.3       => 91.26% ± 1.04%  (4.0m)
  dblp          dropout=0.5       => 77.66% ± 1.78%  (3.1m)
  tumblr        dropout=0.0       => 56.38% ± 0.55%  (1.9m)
  tumblr        dropout=0.1       => 57.55% ± 2.78%  (1.7m)
  tumblr        dropout=0.2       => 57.37% ± 0.57%  (1.8m)
  tumblr        dropout=0.3       => 56.29% ± 1.37%  (1.8m)
  tumblr        dropout=0.5       => 56.55% ± 1.00%  (2.0m)
  mit           dropout=0.0       => 69.77% ± 6.99%  (0.6m)
  mit           dropout=0.1       => 74.28% ± 0.77%  (0.6m)
  mit           dropout=0.2       => 70.39% ± 3.41%  (0.5m)
  mit           dropout=0.3       => 71.44% ± 1.83%  (0.6m)
  mit           dropout=0.5       => 70.70% ± 3.16%  (0.5m)
  highschool    dropout=0.0       => 61.11% ± 6.29%  (0.9m)
  highschool    dropout=0.1       => 59.26% ± 3.67%  (0.7m)
  highschool    dropout=0.2       => 60.19% ± 2.24%  (0.9m)
  highschool    dropout=0.3       => 60.56% ± 0.45%  (0.9m)
  highschool    dropout=0.5       => 62.22% ± 1.98%  (1.0m)
  → ./results/sensitivity/sensitivity_dropout.json

=================================================================
PARAMETER: lr  values=[0.01, 0.005, 0.001, 0.0005, 0.0001]  datasets=['infectious', 'dblp', 'tumblr', 'mit', 'highschool']
=================================================================
  infectious    lr=0.01      => 74.33% ± 2.25%  (0.9m)
  infectious    lr=0.005     => 70.67% ± 2.25%  (1.1m)
  infectious    lr=0.001     => 67.50% ± 1.08%  (1.0m)
  infectious    lr=0.0005    => 68.17% ± 2.90%  (1.0m)
  infectious    lr=0.0001    => 64.17% ± 1.43%  (1.6m)
  dblp          lr=0.01      => 94.17% ± 0.56%  (7.1m)
  dblp          lr=0.005     => 93.33% ± 0.98%  (7.3m)
  dblp          lr=0.001     => 92.89% ± 0.87%  (6.1m)
  dblp          lr=0.0005    => 92.23% ± 0.44%  (6.6m)
  dblp          lr=0.0001    => 88.61% ± 0.37%  (6.8m)
  tumblr        lr=0.01      => 57.72% ± 2.15%  (1.5m)
  tumblr        lr=0.005     => 55.30% ± 2.13%  (1.6m)
  tumblr        lr=0.001     => 56.65% ± 1.28%  (1.5m)
  tumblr        lr=0.0005    => 57.00% ± 0.69%  (1.5m)
  tumblr        lr=0.0001    => 58.44% ± 1.01%  (1.7m)
  mit           lr=0.01      => 72.21% ± 2.98%  (0.7m)
  mit           lr=0.005     => 70.49% ± 4.29%  (0.6m)
  mit           lr=0.001     => 63.33% ± 4.11%  (0.7m)
  mit           lr=0.0005    => 60.26% ± 3.42%  (0.6m)
  mit           lr=0.0001    => 62.96% ± 1.76%  (0.8m)
  highschool    lr=0.01      => 59.81% ± 3.64%  (1.0m)
  highschool    lr=0.005     => 63.15% ± 1.31%  (0.8m)
  highschool    lr=0.001     => 56.11% ± 2.83%  (1.0m)
  highschool    lr=0.0005    => 55.56% ± 1.81%  (1.0m)
  highschool    lr=0.0001    => 54.63% ± 1.14%  (1.4m)
  → ./results/sensitivity/sensitivity_lr.json

=================================================================
PARAMETER: weight_decay  values=[0.0, 1e-05, 0.0001, 0.001]  datasets=['infectious', 'dblp', 'tumblr', 'mit', 'highschool']
=================================================================
  infectious    weight_decay=0.0       => 70.67% ± 1.84%  (1.2m)
  infectious    weight_decay=1e-05     => 68.33% ± 1.55%  (1.0m)
  infectious    weight_decay=0.0001    => 70.50% ± 0.41%  (1.0m)
  infectious    weight_decay=0.001     => 69.33% ± 2.01%  (1.1m)
  dblp          weight_decay=0.0       => 94.00% ± 0.23%  (5.9m)
  dblp          weight_decay=1e-05     => 93.77% ± 0.56%  (6.1m)
  dblp          weight_decay=0.0001    => 93.91% ± 0.22%  (6.4m)
  dblp          weight_decay=0.001     => 93.73% ± 0.80%  (6.7m)
  tumblr        weight_decay=0.0       => 56.74% ± 0.35%  (1.8m)
  tumblr        weight_decay=1e-05     => 58.54% ± 1.45%  (1.8m)
  tumblr        weight_decay=0.0001    => 58.98% ± 0.68%  (1.9m)
  tumblr        weight_decay=0.001     => 56.46% ± 0.83%  (1.4m)
  mit           weight_decay=0.0       => 73.86% ± 1.03%  (0.6m)
  mit           weight_decay=1e-05     => 70.81% ± 3.60%  (0.6m)
  mit           weight_decay=0.0001    => 71.51% ± 1.31%  (0.6m)
  mit           weight_decay=0.001     => 71.44% ± 5.71%  (0.6m)
  highschool    weight_decay=0.0       => 64.26% ± 1.46%  (1.1m)
  highschool    weight_decay=1e-05     => 62.78% ± 3.88%  (1.0m)
  highschool    weight_decay=0.0001    => 62.04% ± 1.14%  (0.9m)
  highschool    weight_decay=0.001     => 59.44% ± 1.57%  (1.1m)
  → ./results/sensitivity/sensitivity_weight_decay.json

=================================================================
PARAMETER: label_smoothing  values=[0.0, 0.05, 0.1, 0.15, 0.2]  datasets=['infectious', 'dblp', 'tumblr', 'mit', 'highschool']
=================================================================
  infectious    label_smoothing=0.0       => 71.17% ± 1.43%  (1.0m)
  infectious    label_smoothing=0.05      => 70.50% ± 0.71%  (1.0m)
  infectious    label_smoothing=0.1       => 70.50% ± 3.54%  (1.0m)
  infectious    label_smoothing=0.15      => 69.83% ± 2.46%  (0.7m)
  infectious    label_smoothing=0.2       => 67.67% ± 1.70%  (1.1m)
  dblp          label_smoothing=0.0       => 93.11% ± 0.39%  (4.5m)
  dblp          label_smoothing=0.05      => 94.48% ± 0.41%  (5.5m)
  dblp          label_smoothing=0.1       => 93.86% ± 0.41%  (6.0m)
  dblp          label_smoothing=0.15      => 93.33% ± 0.25%  (6.7m)
  dblp          label_smoothing=0.2       => 93.95% ± 0.63%  (7.9m)
  tumblr        label_smoothing=0.0       => 58.27% ± 1.76%  (2.0m)
  tumblr        label_smoothing=0.05      => 56.02% ± 2.08%  (1.7m)
  tumblr        label_smoothing=0.1       => 57.46% ± 0.77%  (1.7m)
  tumblr        label_smoothing=0.15      => 55.84% ± 2.73%  (1.7m)
  tumblr        label_smoothing=0.2       => 56.29% ± 0.38%  (1.7m)
  mit           label_smoothing=0.0       => 72.12% ± 3.18%  (0.6m)
  mit           label_smoothing=0.05      => 68.07% ± 5.89%  (0.6m)
  mit           label_smoothing=0.1       => 73.79% ± 3.18%  (0.5m)
  mit           label_smoothing=0.15      => 68.68% ± 3.46%  (0.6m)
  mit           label_smoothing=0.2       => 71.49% ± 0.41%  (0.6m)
  highschool    label_smoothing=0.0       => 61.11% ± 0.79%  (1.1m)
  highschool    label_smoothing=0.05      => 61.48% ± 2.50%  (1.0m)
  highschool    label_smoothing=0.1       => 59.07% ± 1.31%  (1.0m)
  highschool    label_smoothing=0.15      => 58.33% ± 2.40%  (0.8m)
  highschool    label_smoothing=0.2       => 61.85% ± 2.14%  (1.0m)
  → ./results/sensitivity/sensitivity_label_smoothing.json

Sensitivity summary → ./results/sensitivity/sensitivity_summary.json
